2024-09-18 20:54:03,285 ERROR [17] Plugin.Examination.ViewModels.ExamDetail_ViewModel.ProccessMix - Specified cast is not valid.
2024-09-18 20:54:03,322 ERROR [17] Plugin.Examination.ViewModels.ExamDetail_ViewModel.ProccessMix -    at Telerik.Reporting.Paging.ContextHelper.GetValue[T](IDictionary dict, String key, T defaultValue)
   at Telerik.Reporting.ImageRendering.ImageRenderingContextBase..ctor(IDictionary renderingContext, IDictionary deviceInfo, CreateStream createStreamCallback, PageSettings pageSettings)
   at Telerik.Reporting.ImageRendering.PdfRenderingContext..ctor(IDictionary renderingContext, IDictionary deviceInfo, CreateStream createStreamCallback, PageSettings pageSettings)
   at Telerik.Reporting.ImageRendering.PdfReport.CreateDocument(IDictionary renderingInfo, IDictionary deviceInfo, CreateStream createStreamCallback, PageSettings pageSettings)
   at Telerik.Reporting.BaseRendering.DocumentRenderingExtensionBase.CreateWriter(IDictionary renderingContext, IDictionary deviceInfo, CreateStream createStreamCallback, PageSettings pageSettings)
   at Telerik.Reporting.BaseRendering.RenderingExtensionBase.Render(Report report, Hashtable renderingContext, Hashtable deviceInfo, CreateStream createStreamCallback, EvaluateHeaderFooterExpressions evalHeaderFooterCallback)
   at Telerik.Reporting.Processing.ReportProcessor.RenderCore(ExtensionInfo extensionInfo, IList`1 reports, Hashtable deviceInfo, Hashtable renderingContext, CreateStream createStreamCallback)
   at Telerik.Reporting.Processing.ReportProcessor.ProcessAndRender(String format, IReportDocument reportDocument, Hashtable deviceInfo, Hashtable renderingContext, CreateStream createStreamCallback)
   at Telerik.Reporting.Processing.ReportProcessor.ProcessAndRenderStateless(String format, IReportDocument reportDocument, Hashtable deviceInfo, Hashtable renderingContext, CreateStream createStreamCallback)
   at Telerik.Reporting.Processing.ReportProcessor.RenderReport(String format, IReportDocument reportDocument, Hashtable deviceInfo)
   at QuestionView.ShowDataInDoc.PrintAnswerSheetPaper(AnswerSheet mAS, String path, String series, Dictionary`2 dicCongfig) in E:\OS\test_pro\src_git_hub\OutSource_InTest\LanTest\TestPro-Client\Clients\QuestionView\Public\ShowDataInDoc.cs:line 3647
   at QuestionView.ShowDataInDoc.PrintTestFileToDoc(Dictionary`2& dicMediaFileName, List`1 lstGroup, List`1 lstQuestions, List`1 lstSubquestion, List`1 lstList, Int32 code, List`1 lstDiems, Dictionary`2& dicCongfig, List`1 lstQuestionNotShowSub, List`1 lstQuestionShowSubY, String path, Int32 oder, Boolean checkPrintFile) in E:\OS\test_pro\src_git_hub\OutSource_InTest\LanTest\TestPro-Client\Clients\QuestionView\Public\ShowDataInDoc.cs:line 3149
   at Plugin.Examination.ViewModels.ExamDetail_ViewModel.ProccessMix() in E:\OS\test_pro\src_git_hub\OutSource_InTest\LanTest\TestPro-Client\Clients\Plugin.Examination\ViewModels\ExamDetail_ViewModel.cs:line 285
2024-09-18 20:54:16,081 ERROR [13] Plugin.Examination.ViewModels.ExamDetail_ViewModel.ProccessMix - Specified cast is not valid.
2024-09-18 20:54:16,082 ERROR [13] Plugin.Examination.ViewModels.ExamDetail_ViewModel.ProccessMix -    at Telerik.Reporting.Paging.ContextHelper.GetValue[T](IDictionary dict, String key, T defaultValue)
   at Telerik.Reporting.ImageRendering.ImageRenderingContextBase..ctor(IDictionary renderingContext, IDictionary deviceInfo, CreateStream createStreamCallback, PageSettings pageSettings)
   at Telerik.Reporting.ImageRendering.PdfRenderingContext..ctor(IDictionary renderingContext, IDictionary deviceInfo, CreateStream createStreamCallback, PageSettings pageSettings)
   at Telerik.Reporting.ImageRendering.PdfReport.CreateDocument(IDictionary renderingInfo, IDictionary deviceInfo, CreateStream createStreamCallback, PageSettings pageSettings)
   at Telerik.Reporting.BaseRendering.DocumentRenderingExtensionBase.CreateWriter(IDictionary renderingContext, IDictionary deviceInfo, CreateStream createStreamCallback, PageSettings pageSettings)
   at Telerik.Reporting.BaseRendering.RenderingExtensionBase.Render(Report report, Hashtable renderingContext, Hashtable deviceInfo, CreateStream createStreamCallback, EvaluateHeaderFooterExpressions evalHeaderFooterCallback)
   at Telerik.Reporting.Processing.ReportProcessor.RenderCore(ExtensionInfo extensionInfo, IList`1 reports, Hashtable deviceInfo, Hashtable renderingContext, CreateStream createStreamCallback)
   at Telerik.Reporting.Processing.ReportProcessor.ProcessAndRender(String format, IReportDocument reportDocument, Hashtable deviceInfo, Hashtable renderingContext, CreateStream createStreamCallback)
   at Telerik.Reporting.Processing.ReportProcessor.ProcessAndRenderStateless(String format, IReportDocument reportDocument, Hashtable deviceInfo, Hashtable renderingContext, CreateStream createStreamCallback)
   at Telerik.Reporting.Processing.ReportProcessor.RenderReport(String format, IReportDocument reportDocument, Hashtable deviceInfo)
   at QuestionView.ShowDataInDoc.PrintAnswerSheetPaper(AnswerSheet mAS, String path, String series, Dictionary`2 dicCongfig) in E:\OS\test_pro\src_git_hub\OutSource_InTest\LanTest\TestPro-Client\Clients\QuestionView\Public\ShowDataInDoc.cs:line 3647
   at QuestionView.ShowDataInDoc.PrintTestFileToDoc(Dictionary`2& dicMediaFileName, List`1 lstGroup, List`1 lstQuestions, List`1 lstSubquestion, List`1 lstList, Int32 code, List`1 lstDiems, Dictionary`2& dicCongfig, List`1 lstQuestionNotShowSub, List`1 lstQuestionShowSubY, String path, Int32 oder, Boolean checkPrintFile) in E:\OS\test_pro\src_git_hub\OutSource_InTest\LanTest\TestPro-Client\Clients\QuestionView\Public\ShowDataInDoc.cs:line 3149
   at Plugin.Examination.ViewModels.ExamDetail_ViewModel.ProccessMix() in E:\OS\test_pro\src_git_hub\OutSource_InTest\LanTest\TestPro-Client\Clients\Plugin.Examination\ViewModels\ExamDetail_ViewModel.cs:line 285
