2024-08-27 19:19:41,095 ERROR [1] Plugin.UpdateEachQuestion.ViewModels.ViewModelMainNew.GetQuestionInfoLoadOldLever - Object reference not set to an instance of an object.
2024-08-27 19:24:53,799 ERROR [1] Plugin.UpdateEachQuestion.ViewModels.ViewModelMainNew.GetQuestionInfoLoadOldLever - Object reference not set to an instance of an object.
2024-08-27 19:25:54,599 ERROR [1] Plugin.UpdateEachQuestion.ViewModels.ViewModelMainNew.GetQuestionInfoLoadOldLever - Object reference not set to an instance of an object.
2024-08-27 19:26:19,566 ERROR [1] Plugin.UpdateEachQuestion.ViewModels.ViewModelMainNew.GetQuestionInfoLoadOldLever - Object reference not set to an instance of an object.
2024-08-27 19:30:00,588 ERROR [1] Plugin.UpdateEachQuestion.ViewModels.ViewModelMainNew.GetQuestionInfoLoadOldLever - Object reference not set to an instance of an object.
2024-08-27 19:32:58,449 ERROR [1] Plugin.Theses.ViewModels.MainMultiLevel_ViewModel.LoadGradeSubjectThesis - Could not load file or assembly 'Newtonsoft.Json, Version=6.0.0.0, Culture=neutral, PublicKeyToken=30ad4fe6b2a6aeed' or one of its dependencies. The system cannot find the file specified.
2024-08-27 19:33:02,360 ERROR [1] WindowMain.ViewModels.ViewModelMain.ClickCommand_RunWorkerCompleted - The component 'Plugin.Theses.Views.MainMultiLevel' does not have a resource identified by the URI '/INV.Framework.Theses.Library;component/views/mainmultilevel.xaml'.
2024-08-27 19:33:02,369 ERROR [1] WindowMain.ViewModels.ViewModelMain.ClickCommand_RunWorkerCompleted -    at System.Windows.Application.LoadComponent(Object component, Uri resourceLocator)
   at Plugin.Theses.Views.MainMultiLevel.InitializeComponent() in D:\PROJECT\EDU-Lantest\TestPro-Client\Clients\Plugin.Theses\Views\MainMultiLevel.xaml:line 1
   at Plugin.Theses.Views.MainMultiLevel..ctor() in D:\PROJECT\EDU-Lantest\TestPro-Client\Clients\Plugin.Theses\Views\MainMultiLevel.xaml.cs:line 22
   at Plugin.Theses.ConectionSdk.Process(IDictionary`2 key) in D:\PROJECT\EDU-Lantest\TestPro-Client\Clients\Plugin.Theses\ConnectionSDK.cs:line 40
   at WindowMain.ViewModels.ViewModelMain.ClickCommand_RunWorkerCompleted(Object arg1, RunWorkerCompletedEventArgs arg2) in E:\OS\test_pro\src_git_hub\OutSource_InTest\LanTest\TestPro-Client\Clients\WindowMain\ViewModels\ViewModelMain.cs:line 498
2024-08-27 19:33:04,688 ERROR [1] WindowMain.ViewModels.ViewModelMain.ClickCommand_RunWorkerCompleted - The component 'Plugin.Theses.Views.MainMultiLevel' does not have a resource identified by the URI '/INV.Framework.Theses.Library;component/views/mainmultilevel.xaml'.
2024-08-27 19:33:04,688 ERROR [1] WindowMain.ViewModels.ViewModelMain.ClickCommand_RunWorkerCompleted -    at System.Windows.Application.LoadComponent(Object component, Uri resourceLocator)
   at Plugin.Theses.Views.MainMultiLevel.InitializeComponent() in D:\PROJECT\EDU-Lantest\TestPro-Client\Clients\Plugin.Theses\Views\MainMultiLevel.xaml:line 1
   at Plugin.Theses.Views.MainMultiLevel..ctor() in D:\PROJECT\EDU-Lantest\TestPro-Client\Clients\Plugin.Theses\Views\MainMultiLevel.xaml.cs:line 22
   at Plugin.Theses.ConectionSdk.Process(IDictionary`2 key) in D:\PROJECT\EDU-Lantest\TestPro-Client\Clients\Plugin.Theses\ConnectionSDK.cs:line 40
   at WindowMain.ViewModels.ViewModelMain.ClickCommand_RunWorkerCompleted(Object arg1, RunWorkerCompletedEventArgs arg2) in E:\OS\test_pro\src_git_hub\OutSource_InTest\LanTest\TestPro-Client\Clients\WindowMain\ViewModels\ViewModelMain.cs:line 498
2024-08-27 19:33:07,558 ERROR [1] WindowMain.ViewModels.ViewModelMain.ClickCommand_RunWorkerCompleted - The component 'Plugin.Theses.Views.MainMultiLevel' does not have a resource identified by the URI '/INV.Framework.Theses.Library;component/views/mainmultilevel.xaml'.
2024-08-27 19:33:07,558 ERROR [1] WindowMain.ViewModels.ViewModelMain.ClickCommand_RunWorkerCompleted -    at System.Windows.Application.LoadComponent(Object component, Uri resourceLocator)
   at Plugin.Theses.Views.MainMultiLevel.InitializeComponent() in D:\PROJECT\EDU-Lantest\TestPro-Client\Clients\Plugin.Theses\Views\MainMultiLevel.xaml:line 1
   at Plugin.Theses.Views.MainMultiLevel..ctor() in D:\PROJECT\EDU-Lantest\TestPro-Client\Clients\Plugin.Theses\Views\MainMultiLevel.xaml.cs:line 22
   at Plugin.Theses.ConectionSdk.Process(IDictionary`2 key) in D:\PROJECT\EDU-Lantest\TestPro-Client\Clients\Plugin.Theses\ConnectionSDK.cs:line 40
   at WindowMain.ViewModels.ViewModelMain.ClickCommand_RunWorkerCompleted(Object arg1, RunWorkerCompletedEventArgs arg2) in E:\OS\test_pro\src_git_hub\OutSource_InTest\LanTest\TestPro-Client\Clients\WindowMain\ViewModels\ViewModelMain.cs:line 498
2024-08-27 19:34:04,738 ERROR [1] Plugin.Theses.ViewModels.MainMultiLevel_ViewModel.LoadGradeSubjectThesis - Could not load file or assembly 'Newtonsoft.Json, Version=6.0.0.0, Culture=neutral, PublicKeyToken=30ad4fe6b2a6aeed' or one of its dependencies. The system cannot find the file specified.
2024-08-27 19:34:35,811 ERROR [1] WindowMain.ViewModels.ViewModelMain.ClickCommand_RunWorkerCompleted - The component 'Plugin.Theses.Views.MainMultiLevel' does not have a resource identified by the URI '/INV.Framework.Theses.Library;component/views/mainmultilevel.xaml'.
2024-08-27 19:34:35,823 ERROR [1] WindowMain.ViewModels.ViewModelMain.ClickCommand_RunWorkerCompleted -    at System.Windows.Application.LoadComponent(Object component, Uri resourceLocator)
   at Plugin.Theses.Views.MainMultiLevel.InitializeComponent() in D:\PROJECT\EDU-Lantest\TestPro-Client\Clients\Plugin.Theses\Views\MainMultiLevel.xaml:line 1
   at Plugin.Theses.Views.MainMultiLevel..ctor() in D:\PROJECT\EDU-Lantest\TestPro-Client\Clients\Plugin.Theses\Views\MainMultiLevel.xaml.cs:line 22
   at Plugin.Theses.ConectionSdk.Process(IDictionary`2 key) in D:\PROJECT\EDU-Lantest\TestPro-Client\Clients\Plugin.Theses\ConnectionSDK.cs:line 40
   at WindowMain.ViewModels.ViewModelMain.ClickCommand_RunWorkerCompleted(Object arg1, RunWorkerCompletedEventArgs arg2) in E:\OS\test_pro\src_git_hub\OutSource_InTest\LanTest\TestPro-Client\Clients\WindowMain\ViewModels\ViewModelMain.cs:line 498
2024-08-27 19:37:13,496 ERROR [1] WindowMain.ViewModels.ViewModelMain.ClickCommand_RunWorkerCompleted - The component 'Plugin.Theses.Views.MainMultiLevel' does not have a resource identified by the URI '/INV.Framework.Theses.Library;component/views/mainmultilevel.xaml'.
2024-08-27 19:37:13,519 ERROR [1] WindowMain.ViewModels.ViewModelMain.ClickCommand_RunWorkerCompleted -    at System.Windows.Application.LoadComponent(Object component, Uri resourceLocator)
   at Plugin.Theses.Views.MainMultiLevel.InitializeComponent() in E:\OS\test_pro\src_git_hub\OutSource_InTest\LanTest\TestPro-Client\Clients\Plugin.Theses\Views\MainMultiLevel.xaml:line 1
   at Plugin.Theses.Views.MainMultiLevel..ctor() in E:\OS\test_pro\src_git_hub\OutSource_InTest\LanTest\TestPro-Client\Clients\Plugin.Theses\Views\MainMultiLevel.xaml.cs:line 22
   at Plugin.Theses.ConectionSdk.Process(IDictionary`2 key) in E:\OS\test_pro\src_git_hub\OutSource_InTest\LanTest\TestPro-Client\Clients\Plugin.Theses\ConnectionSDK.cs:line 40
   at WindowMain.ViewModels.ViewModelMain.ClickCommand_RunWorkerCompleted(Object arg1, RunWorkerCompletedEventArgs arg2) in E:\OS\test_pro\src_git_hub\OutSource_InTest\LanTest\TestPro-Client\Clients\WindowMain\ViewModels\ViewModelMain.cs:line 498
2024-08-27 19:37:15,897 ERROR [1] Plugin.Theses.ViewModels.MainMultiLevel_ViewModel.LoadGradeSubjectThesis - Could not load file or assembly 'Newtonsoft.Json, Version=6.0.0.0, Culture=neutral, PublicKeyToken=30ad4fe6b2a6aeed' or one of its dependencies. The system cannot find the file specified.
2024-08-27 19:39:24,987 ERROR [1] WindowMain.ViewModels.ViewModelMain.ClickCommand_RunWorkerCompleted - The component 'Plugin.Theses.Views.MainMultiLevel' does not have a resource identified by the URI '/INV.Framework.Theses.Library;component/views/mainmultilevel.xaml'.
2024-08-27 19:39:25,022 ERROR [1] WindowMain.ViewModels.ViewModelMain.ClickCommand_RunWorkerCompleted -    at System.Windows.Application.LoadComponent(Object component, Uri resourceLocator)
   at Plugin.Theses.Views.MainMultiLevel.InitializeComponent() in E:\OS\test_pro\src_git_hub\OutSource_InTest\LanTest\TestPro-Client\Clients\Plugin.Theses\Views\MainMultiLevel.xaml:line 1
   at Plugin.Theses.Views.MainMultiLevel..ctor() in E:\OS\test_pro\src_git_hub\OutSource_InTest\LanTest\TestPro-Client\Clients\Plugin.Theses\Views\MainMultiLevel.xaml.cs:line 22
   at Plugin.Theses.ConectionSdk.Process(IDictionary`2 key) in E:\OS\test_pro\src_git_hub\OutSource_InTest\LanTest\TestPro-Client\Clients\Plugin.Theses\ConnectionSDK.cs:line 40
   at WindowMain.ViewModels.ViewModelMain.ClickCommand_RunWorkerCompleted(Object arg1, RunWorkerCompletedEventArgs arg2) in E:\OS\test_pro\src_git_hub\OutSource_InTest\LanTest\TestPro-Client\Clients\WindowMain\ViewModels\ViewModelMain.cs:line 498
2024-08-27 19:39:26,833 ERROR [1] Plugin.Theses.ViewModels.MainMultiLevel_ViewModel.LoadGradeSubjectThesis - Could not load file or assembly 'Newtonsoft.Json, Version=6.0.0.0, Culture=neutral, PublicKeyToken=30ad4fe6b2a6aeed' or one of its dependencies. The system cannot find the file specified.
2024-08-27 19:39:39,967 ERROR [1] WindowMain.ViewModels.ViewModelMain.ClickCommand_RunWorkerCompleted - The component 'Plugin.Theses.Views.MainMultiLevel' does not have a resource identified by the URI '/INV.Framework.Theses.Library;component/views/mainmultilevel.xaml'.
2024-08-27 19:39:39,967 ERROR [1] WindowMain.ViewModels.ViewModelMain.ClickCommand_RunWorkerCompleted -    at System.Windows.Application.LoadComponent(Object component, Uri resourceLocator)
   at Plugin.Theses.Views.MainMultiLevel.InitializeComponent() in E:\OS\test_pro\src_git_hub\OutSource_InTest\LanTest\TestPro-Client\Clients\Plugin.Theses\Views\MainMultiLevel.xaml:line 1
   at Plugin.Theses.Views.MainMultiLevel..ctor() in E:\OS\test_pro\src_git_hub\OutSource_InTest\LanTest\TestPro-Client\Clients\Plugin.Theses\Views\MainMultiLevel.xaml.cs:line 22
   at Plugin.Theses.ConectionSdk.Process(IDictionary`2 key) in E:\OS\test_pro\src_git_hub\OutSource_InTest\LanTest\TestPro-Client\Clients\Plugin.Theses\ConnectionSDK.cs:line 40
   at WindowMain.ViewModels.ViewModelMain.ClickCommand_RunWorkerCompleted(Object arg1, RunWorkerCompletedEventArgs arg2) in E:\OS\test_pro\src_git_hub\OutSource_InTest\LanTest\TestPro-Client\Clients\WindowMain\ViewModels\ViewModelMain.cs:line 498
2024-08-27 19:39:43,329 ERROR [1] Plugin.Theses.ViewModels.MainMultiLevel_ViewModel.LoadGradeSubjectThesis - Could not load file or assembly 'Newtonsoft.Json, Version=6.0.0.0, Culture=neutral, PublicKeyToken=30ad4fe6b2a6aeed' or one of its dependencies. The system cannot find the file specified.
2024-08-27 19:47:30,732 ERROR [1] WindowMain.ViewModels.ViewModelMain.ClickCommand_RunWorkerCompleted - The component 'Plugin.Theses.Views.MainMultiLevel' does not have a resource identified by the URI '/INV.Framework.Theses.Library;component/views/mainmultilevel.xaml'.
2024-08-27 19:47:30,781 ERROR [1] WindowMain.ViewModels.ViewModelMain.ClickCommand_RunWorkerCompleted -    at System.Windows.Application.LoadComponent(Object component, Uri resourceLocator)
   at Plugin.Theses.Views.MainMultiLevel.InitializeComponent() in E:\OS\test_pro\src_git_hub\OutSource_InTest\LanTest\TestPro-Client\Clients\Plugin.Theses\Views\MainMultiLevel.xaml:line 1
   at Plugin.Theses.Views.MainMultiLevel..ctor() in E:\OS\test_pro\src_git_hub\OutSource_InTest\LanTest\TestPro-Client\Clients\Plugin.Theses\Views\MainMultiLevel.xaml.cs:line 22
   at Plugin.Theses.ConectionSdk.Process(IDictionary`2 key) in E:\OS\test_pro\src_git_hub\OutSource_InTest\LanTest\TestPro-Client\Clients\Plugin.Theses\ConnectionSDK.cs:line 40
   at WindowMain.ViewModels.ViewModelMain.ClickCommand_RunWorkerCompleted(Object arg1, RunWorkerCompletedEventArgs arg2) in E:\OS\test_pro\src_git_hub\OutSource_InTest\LanTest\TestPro-Client\Clients\WindowMain\ViewModels\ViewModelMain.cs:line 498
2024-08-27 19:47:33,043 ERROR [1] Plugin.Theses.ViewModels.MainMultiLevel_ViewModel.LoadGradeSubjectThesis - Could not load file or assembly 'Newtonsoft.Json, Version=6.0.0.0, Culture=neutral, PublicKeyToken=30ad4fe6b2a6aeed' or one of its dependencies. The system cannot find the file specified.
2024-08-27 19:49:57,960 ERROR [1] WindowMain.ViewModels.ViewModelMain.ClickCommand_RunWorkerCompleted - The component 'Plugin.Theses.Views.MainMultiLevel' does not have a resource identified by the URI '/INV.Framework.Theses.Library;component/views/mainmultilevel.xaml'.
2024-08-27 19:49:58,001 ERROR [1] WindowMain.ViewModels.ViewModelMain.ClickCommand_RunWorkerCompleted -    at System.Windows.Application.LoadComponent(Object component, Uri resourceLocator)
   at Plugin.Theses.Views.MainMultiLevel.InitializeComponent() in D:\PROJECT\EDU-Lantest\TestPro-Client\Clients\Plugin.Theses\Views\MainMultiLevel.xaml:line 1
   at Plugin.Theses.Views.MainMultiLevel..ctor() in D:\PROJECT\EDU-Lantest\TestPro-Client\Clients\Plugin.Theses\Views\MainMultiLevel.xaml.cs:line 22
   at Plugin.Theses.ConectionSdk.Process(IDictionary`2 key) in D:\PROJECT\EDU-Lantest\TestPro-Client\Clients\Plugin.Theses\ConnectionSDK.cs:line 40
   at WindowMain.ViewModels.ViewModelMain.ClickCommand_RunWorkerCompleted(Object arg1, RunWorkerCompletedEventArgs arg2) in E:\OS\test_pro\src_git_hub\OutSource_InTest\LanTest\TestPro-Client\Clients\WindowMain\ViewModels\ViewModelMain.cs:line 498
2024-08-27 19:49:59,697 ERROR [1] Plugin.Theses.ViewModels.MainMultiLevel_ViewModel.LoadGradeSubjectThesis - Could not load file or assembly 'Newtonsoft.Json, Version=6.0.0.0, Culture=neutral, PublicKeyToken=30ad4fe6b2a6aeed' or one of its dependencies. The system cannot find the file specified.
2024-08-27 19:53:28,304 ERROR [1] Plugin.Theses.ViewModels.MainMultiLevel_ViewModel.LoadGradeSubjectThesis - Could not load file or assembly 'Newtonsoft.Json, Version=6.0.0.0, Culture=neutral, PublicKeyToken=30ad4fe6b2a6aeed' or one of its dependencies. The system cannot find the file specified.
2024-08-27 19:56:39,530 ERROR [1] Plugin.Theses.ViewModels.MainMultiLevel_ViewModel.LoadGradeSubjectThesis - Could not load file or assembly 'Newtonsoft.Json, Version=6.0.0.0, Culture=neutral, PublicKeyToken=30ad4fe6b2a6aeed' or one of its dependencies. The system cannot find the file specified.
2024-08-27 19:57:58,748 ERROR [1] Plugin.Theses.ViewModels.MainMultiLevel_ViewModel.LoadGradeSubjectThesis - Could not load file or assembly 'Newtonsoft.Json, Version=6.0.0.0, Culture=neutral, PublicKeyToken=30ad4fe6b2a6aeed' or one of its dependencies. The system cannot find the file specified.
2024-08-27 19:58:03,065 ERROR [1] WindowMain.ViewModels.ViewModelMain.ClickCommand_RunWorkerCompleted - The component 'Plugin.Theses.Views.MainMultiLevel' does not have a resource identified by the URI '/INV.Framework.Theses.Library;component/views/mainmultilevel.xaml'.
2024-08-27 19:58:03,073 ERROR [1] WindowMain.ViewModels.ViewModelMain.ClickCommand_RunWorkerCompleted -    at System.Windows.Application.LoadComponent(Object component, Uri resourceLocator)
   at Plugin.Theses.Views.MainMultiLevel.InitializeComponent() in E:\OS\test_pro\src_git_hub\OutSource_InTest\LanTest\TestPro-Client\Clients\Plugin.Theses\Views\MainMultiLevel.xaml:line 1
   at Plugin.Theses.Views.MainMultiLevel..ctor() in E:\OS\test_pro\src_git_hub\OutSource_InTest\LanTest\TestPro-Client\Clients\Plugin.Theses\Views\MainMultiLevel.xaml.cs:line 22
   at Plugin.Theses.ConectionSdk.Process(IDictionary`2 key) in E:\OS\test_pro\src_git_hub\OutSource_InTest\LanTest\TestPro-Client\Clients\Plugin.Theses\ConnectionSDK.cs:line 40
   at WindowMain.ViewModels.ViewModelMain.ClickCommand_RunWorkerCompleted(Object arg1, RunWorkerCompletedEventArgs arg2) in E:\OS\test_pro\src_git_hub\OutSource_InTest\LanTest\TestPro-Client\Clients\WindowMain\ViewModels\ViewModelMain.cs:line 498
2024-08-27 19:58:07,835 ERROR [1] Plugin.Theses.ViewModels.MainMultiLevel_ViewModel.LoadGradeSubjectThesis - Could not load file or assembly 'Newtonsoft.Json, Version=6.0.0.0, Culture=neutral, PublicKeyToken=30ad4fe6b2a6aeed' or one of its dependencies. The system cannot find the file specified.
2024-08-27 20:05:40,747 ERROR [1] Plugin.Theses.ViewModels.MainMultiLevel_ViewModel.LoadGradeSubjectThesis - Could not load file or assembly 'Newtonsoft.Json, Version=6.0.0.0, Culture=neutral, PublicKeyToken=30ad4fe6b2a6aeed' or one of its dependencies. The system cannot find the file specified.
2024-08-27 20:11:17,220 ERROR [1] WindowMain.ViewModels.ViewModelMain.ClickCommand_RunWorkerCompleted - The component 'Plugin.Theses.Views.MainMultiLevel' does not have a resource identified by the URI '/INV.Framework.Theses.Library;component/views/mainmultilevel.xaml'.
2024-08-27 20:11:17,228 ERROR [1] WindowMain.ViewModels.ViewModelMain.ClickCommand_RunWorkerCompleted -    at System.Windows.Application.LoadComponent(Object component, Uri resourceLocator)
   at Plugin.Theses.Views.MainMultiLevel.InitializeComponent() in D:\PROJECT\EDU-Lantest\TestPro-Client\Clients\Plugin.Theses\Views\MainMultiLevel.xaml:line 1
   at Plugin.Theses.Views.MainMultiLevel..ctor() in D:\PROJECT\EDU-Lantest\TestPro-Client\Clients\Plugin.Theses\Views\MainMultiLevel.xaml.cs:line 22
   at Plugin.Theses.ConectionSdk.Process(IDictionary`2 key) in D:\PROJECT\EDU-Lantest\TestPro-Client\Clients\Plugin.Theses\ConnectionSDK.cs:line 40
   at WindowMain.ViewModels.ViewModelMain.ClickCommand_RunWorkerCompleted(Object arg1, RunWorkerCompletedEventArgs arg2) in E:\OS\test_pro\src_git_hub\OutSource_InTest\LanTest\TestPro-Client\Clients\WindowMain\ViewModels\ViewModelMain.cs:line 498
2024-08-27 20:11:19,369 ERROR [1] Plugin.Theses.ViewModels.MainMultiLevel_ViewModel.LoadGradeSubjectThesis - Could not load file or assembly 'Newtonsoft.Json, Version=6.0.0.0, Culture=neutral, PublicKeyToken=30ad4fe6b2a6aeed' or one of its dependencies. The system cannot find the file specified.
2024-08-27 20:14:52,666 ERROR [1] Plugin.Theses.ViewModels.MainMultiLevel_ViewModel.LoadGradeSubjectThesis - Could not load file or assembly 'Newtonsoft.Json, Version=6.0.0.0, Culture=neutral, PublicKeyToken=30ad4fe6b2a6aeed' or one of its dependencies. The system cannot find the file specified.
2024-08-27 20:30:59,839 ERROR [1] Plugin.Theses.ViewModels.MainMultiLevel_ViewModel.LoadGradeSubjectThesis - Could not load file or assembly 'Newtonsoft.Json, Version=6.0.0.0, Culture=neutral, PublicKeyToken=30ad4fe6b2a6aeed' or one of its dependencies. The system cannot find the file specified.
2024-08-27 20:32:05,548 ERROR [1] WindowMain.ViewModels.ViewModelMain.ClickCommand_RunWorkerCompleted - The component 'Plugin.Theses.Views.MainMultiLevel' does not have a resource identified by the URI '/INV.Framework.Theses.Library;component/views/mainmultilevel.xaml'.
2024-08-27 20:32:05,556 ERROR [1] WindowMain.ViewModels.ViewModelMain.ClickCommand_RunWorkerCompleted -    at System.Windows.Application.LoadComponent(Object component, Uri resourceLocator)
   at Plugin.Theses.Views.MainMultiLevel.InitializeComponent() in E:\OS\test_pro\src_git_hub\OutSource_InTest\LanTest\TestPro-Client\Clients\Plugin.Theses\Views\MainMultiLevel.xaml:line 1
   at Plugin.Theses.Views.MainMultiLevel..ctor() in E:\OS\test_pro\src_git_hub\OutSource_InTest\LanTest\TestPro-Client\Clients\Plugin.Theses\Views\MainMultiLevel.xaml.cs:line 22
   at Plugin.Theses.ConectionSdk.Process(IDictionary`2 key) in E:\OS\test_pro\src_git_hub\OutSource_InTest\LanTest\TestPro-Client\Clients\Plugin.Theses\ConnectionSDK.cs:line 40
   at WindowMain.ViewModels.ViewModelMain.ClickCommand_RunWorkerCompleted(Object arg1, RunWorkerCompletedEventArgs arg2) in E:\OS\test_pro\src_git_hub\OutSource_InTest\LanTest\TestPro-Client\Clients\WindowMain\ViewModels\ViewModelMain.cs:line 498
2024-08-27 20:32:07,514 ERROR [1] Plugin.Theses.ViewModels.MainMultiLevel_ViewModel.LoadGradeSubjectThesis - Could not load file or assembly 'Newtonsoft.Json, Version=6.0.0.0, Culture=neutral, PublicKeyToken=30ad4fe6b2a6aeed' or one of its dependencies. The system cannot find the file specified.
2024-08-27 20:32:14,095 ERROR [1] WindowMain.ViewModels.ViewModelMain.ClickCommand_RunWorkerCompleted - The component 'Plugin.Theses.Views.MainMultiLevel' does not have a resource identified by the URI '/INV.Framework.Theses.Library;component/views/mainmultilevel.xaml'.
2024-08-27 20:32:14,095 ERROR [1] WindowMain.ViewModels.ViewModelMain.ClickCommand_RunWorkerCompleted -    at System.Windows.Application.LoadComponent(Object component, Uri resourceLocator)
   at Plugin.Theses.Views.MainMultiLevel.InitializeComponent() in E:\OS\test_pro\src_git_hub\OutSource_InTest\LanTest\TestPro-Client\Clients\Plugin.Theses\Views\MainMultiLevel.xaml:line 1
   at Plugin.Theses.Views.MainMultiLevel..ctor() in E:\OS\test_pro\src_git_hub\OutSource_InTest\LanTest\TestPro-Client\Clients\Plugin.Theses\Views\MainMultiLevel.xaml.cs:line 22
   at Plugin.Theses.ConectionSdk.Process(IDictionary`2 key) in E:\OS\test_pro\src_git_hub\OutSource_InTest\LanTest\TestPro-Client\Clients\Plugin.Theses\ConnectionSDK.cs:line 40
   at WindowMain.ViewModels.ViewModelMain.ClickCommand_RunWorkerCompleted(Object arg1, RunWorkerCompletedEventArgs arg2) in E:\OS\test_pro\src_git_hub\OutSource_InTest\LanTest\TestPro-Client\Clients\WindowMain\ViewModels\ViewModelMain.cs:line 498
2024-08-27 20:32:16,011 ERROR [1] Plugin.Theses.ViewModels.MainMultiLevel_ViewModel.LoadGradeSubjectThesis - Could not load file or assembly 'Newtonsoft.Json, Version=6.0.0.0, Culture=neutral, PublicKeyToken=30ad4fe6b2a6aeed' or one of its dependencies. The system cannot find the file specified.
2024-08-27 20:32:58,818 ERROR [1] WindowMain.ViewModels.ViewModelMain.ClickCommand_RunWorkerCompleted - The component 'Plugin.Theses.Views.MainMultiLevel' does not have a resource identified by the URI '/INV.Framework.Theses.Library;component/views/mainmultilevel.xaml'.
2024-08-27 20:32:58,819 ERROR [1] WindowMain.ViewModels.ViewModelMain.ClickCommand_RunWorkerCompleted -    at System.Windows.Application.LoadComponent(Object component, Uri resourceLocator)
   at Plugin.Theses.Views.MainMultiLevel.InitializeComponent() in E:\OS\test_pro\src_git_hub\OutSource_InTest\LanTest\TestPro-Client\Clients\Plugin.Theses\Views\MainMultiLevel.xaml:line 1
   at Plugin.Theses.Views.MainMultiLevel..ctor() in E:\OS\test_pro\src_git_hub\OutSource_InTest\LanTest\TestPro-Client\Clients\Plugin.Theses\Views\MainMultiLevel.xaml.cs:line 22
   at Plugin.Theses.ConectionSdk.Process(IDictionary`2 key) in E:\OS\test_pro\src_git_hub\OutSource_InTest\LanTest\TestPro-Client\Clients\Plugin.Theses\ConnectionSDK.cs:line 40
   at WindowMain.ViewModels.ViewModelMain.ClickCommand_RunWorkerCompleted(Object arg1, RunWorkerCompletedEventArgs arg2) in E:\OS\test_pro\src_git_hub\OutSource_InTest\LanTest\TestPro-Client\Clients\WindowMain\ViewModels\ViewModelMain.cs:line 498
2024-08-27 20:33:26,355 ERROR [1] Plugin.Theses.ViewModels.MainMultiLevel_ViewModel.LoadGradeSubjectThesis - Could not load file or assembly 'Newtonsoft.Json, Version=6.0.0.0, Culture=neutral, PublicKeyToken=30ad4fe6b2a6aeed' or one of its dependencies. The system cannot find the file specified.
2024-08-27 20:33:40,623 ERROR [1] WindowMain.ViewModels.ViewModelMain.ClickCommand_RunWorkerCompleted - The component 'Plugin.Theses.Views.MainMultiLevel' does not have a resource identified by the URI '/INV.Framework.Theses.Library;component/views/mainmultilevel.xaml'.
2024-08-27 20:33:40,623 ERROR [1] WindowMain.ViewModels.ViewModelMain.ClickCommand_RunWorkerCompleted -    at System.Windows.Application.LoadComponent(Object component, Uri resourceLocator)
   at Plugin.Theses.Views.MainMultiLevel.InitializeComponent() in E:\OS\test_pro\src_git_hub\OutSource_InTest\LanTest\TestPro-Client\Clients\Plugin.Theses\Views\MainMultiLevel.xaml:line 1
   at Plugin.Theses.Views.MainMultiLevel..ctor() in E:\OS\test_pro\src_git_hub\OutSource_InTest\LanTest\TestPro-Client\Clients\Plugin.Theses\Views\MainMultiLevel.xaml.cs:line 22
   at Plugin.Theses.ConectionSdk.Process(IDictionary`2 key) in E:\OS\test_pro\src_git_hub\OutSource_InTest\LanTest\TestPro-Client\Clients\Plugin.Theses\ConnectionSDK.cs:line 40
   at WindowMain.ViewModels.ViewModelMain.ClickCommand_RunWorkerCompleted(Object arg1, RunWorkerCompletedEventArgs arg2) in E:\OS\test_pro\src_git_hub\OutSource_InTest\LanTest\TestPro-Client\Clients\WindowMain\ViewModels\ViewModelMain.cs:line 498
2024-08-27 20:33:49,906 ERROR [1] Plugin.Theses.ViewModels.MainMultiLevel_ViewModel.LoadGradeSubjectThesis - Could not load file or assembly 'Newtonsoft.Json, Version=6.0.0.0, Culture=neutral, PublicKeyToken=30ad4fe6b2a6aeed' or one of its dependencies. The system cannot find the file specified.
2024-08-27 20:34:05,519 ERROR [1] WindowMain.ViewModels.ViewModelMain.ClickCommand_RunWorkerCompleted - The component 'Plugin.Theses.Views.MainMultiLevel' does not have a resource identified by the URI '/INV.Framework.Theses.Library;component/views/mainmultilevel.xaml'.
2024-08-27 20:34:05,519 ERROR [1] WindowMain.ViewModels.ViewModelMain.ClickCommand_RunWorkerCompleted -    at System.Windows.Application.LoadComponent(Object component, Uri resourceLocator)
   at Plugin.Theses.Views.MainMultiLevel.InitializeComponent() in E:\OS\test_pro\src_git_hub\OutSource_InTest\LanTest\TestPro-Client\Clients\Plugin.Theses\Views\MainMultiLevel.xaml:line 1
   at Plugin.Theses.Views.MainMultiLevel..ctor() in E:\OS\test_pro\src_git_hub\OutSource_InTest\LanTest\TestPro-Client\Clients\Plugin.Theses\Views\MainMultiLevel.xaml.cs:line 22
   at Plugin.Theses.ConectionSdk.Process(IDictionary`2 key) in E:\OS\test_pro\src_git_hub\OutSource_InTest\LanTest\TestPro-Client\Clients\Plugin.Theses\ConnectionSDK.cs:line 40
   at WindowMain.ViewModels.ViewModelMain.ClickCommand_RunWorkerCompleted(Object arg1, RunWorkerCompletedEventArgs arg2) in E:\OS\test_pro\src_git_hub\OutSource_InTest\LanTest\TestPro-Client\Clients\WindowMain\ViewModels\ViewModelMain.cs:line 498
2024-08-27 20:34:45,098 ERROR [1] Plugin.Theses.ViewModels.MainMultiLevel_ViewModel.LoadGradeSubjectThesis - Could not load file or assembly 'Newtonsoft.Json, Version=6.0.0.0, Culture=neutral, PublicKeyToken=30ad4fe6b2a6aeed' or one of its dependencies. The system cannot find the file specified.
2024-08-27 20:35:47,632 ERROR [1] Plugin.Theses.ViewModels.MainMultiLevel_ViewModel.LoadGradeSubjectThesis - Could not load file or assembly 'Newtonsoft.Json, Version=6.0.0.0, Culture=neutral, PublicKeyToken=30ad4fe6b2a6aeed' or one of its dependencies. The system cannot find the file specified.
2024-08-27 20:35:58,064 ERROR [1] Plugin.Theses.ViewModels.MainMultiLevel_ViewModel.LoadGradeSubjectThesis - Could not load file or assembly 'Newtonsoft.Json, Version=6.0.0.0, Culture=neutral, PublicKeyToken=30ad4fe6b2a6aeed' or one of its dependencies. The system cannot find the file specified.
2024-08-27 20:36:08,474 ERROR [1] Plugin.Theses.ViewModels.MainMultiLevel_ViewModel.LoadGradeSubjectThesis - Could not load file or assembly 'Newtonsoft.Json, Version=6.0.0.0, Culture=neutral, PublicKeyToken=30ad4fe6b2a6aeed' or one of its dependencies. The system cannot find the file specified.
2024-08-27 20:43:30,755 ERROR [1] Plugin.Theses.ViewModels.MainMultiLevel_ViewModel.LoadGradeSubjectThesis - Could not load file or assembly 'Newtonsoft.Json, Version=6.0.0.0, Culture=neutral, PublicKeyToken=30ad4fe6b2a6aeed' or one of its dependencies. The system cannot find the file specified.
2024-08-27 20:46:04,721 ERROR [1] WindowMain.ViewModels.ViewModelMain.ClickCommand_RunWorkerCompleted - The component 'Plugin.Theses.Views.MainMultiLevel' does not have a resource identified by the URI '/INV.Framework.Theses.Library;component/views/mainmultilevel.xaml'.
2024-08-27 20:46:04,740 ERROR [1] WindowMain.ViewModels.ViewModelMain.ClickCommand_RunWorkerCompleted -    at System.Windows.Application.LoadComponent(Object component, Uri resourceLocator)
   at Plugin.Theses.Views.MainMultiLevel.InitializeComponent() in E:\OS\test_pro\src_git_hub\OutSource_InTest\LanTest\TestPro-Client\Clients\Plugin.Theses\Views\MainMultiLevel.xaml:line 1
   at Plugin.Theses.Views.MainMultiLevel..ctor() in E:\OS\test_pro\src_git_hub\OutSource_InTest\LanTest\TestPro-Client\Clients\Plugin.Theses\Views\MainMultiLevel.xaml.cs:line 22
   at Plugin.Theses.ConectionSdk.Process(IDictionary`2 key) in E:\OS\test_pro\src_git_hub\OutSource_InTest\LanTest\TestPro-Client\Clients\Plugin.Theses\ConnectionSDK.cs:line 40
   at WindowMain.ViewModels.ViewModelMain.ClickCommand_RunWorkerCompleted(Object arg1, RunWorkerCompletedEventArgs arg2) in E:\OS\test_pro\src_git_hub\OutSource_InTest\LanTest\TestPro-Client\Clients\WindowMain\ViewModels\ViewModelMain.cs:line 498
2024-08-27 20:49:00,389 ERROR [1] Plugin.Theses.ViewModels.MainMultiLevel_ViewModel.LoadGradeSubjectThesis - Could not load file or assembly 'Newtonsoft.Json, Version=6.0.0.0, Culture=neutral, PublicKeyToken=30ad4fe6b2a6aeed' or one of its dependencies. The system cannot find the file specified.
2024-08-27 20:49:35,484 ERROR [1] Plugin.Theses.ViewModels.MainMultiLevel_ViewModel.LoadGradeSubjectThesis - Could not load file or assembly 'Newtonsoft.Json, Version=6.0.0.0, Culture=neutral, PublicKeyToken=30ad4fe6b2a6aeed' or one of its dependencies. The system cannot find the file specified.
2024-08-27 20:51:16,592 ERROR [1] Plugin.Theses.ViewModels.MainMultiLevel_ViewModel.LoadGradeSubjectThesis - Could not load file or assembly 'Newtonsoft.Json, Version=6.0.0.0, Culture=neutral, PublicKeyToken=30ad4fe6b2a6aeed' or one of its dependencies. The system cannot find the file specified.
2024-08-27 20:51:22,255 ERROR [1] Plugin.Theses.ViewModels.MainMultiLevel_ViewModel.LoadGradeSubjectThesis - Could not load file or assembly 'Newtonsoft.Json, Version=6.0.0.0, Culture=neutral, PublicKeyToken=30ad4fe6b2a6aeed' or one of its dependencies. The system cannot find the file specified.
2024-08-27 20:51:39,519 ERROR [1] Plugin.Theses.ViewModels.MainMultiLevel_ViewModel.LoadGradeSubjectThesis - Could not load file or assembly 'Newtonsoft.Json, Version=6.0.0.0, Culture=neutral, PublicKeyToken=30ad4fe6b2a6aeed' or one of its dependencies. The system cannot find the file specified.
2024-08-27 20:51:48,905 ERROR [1] Plugin.Theses.ViewModels.MainMultiLevel_ViewModel.LoadGradeSubjectThesis - Could not load file or assembly 'Newtonsoft.Json, Version=6.0.0.0, Culture=neutral, PublicKeyToken=30ad4fe6b2a6aeed' or one of its dependencies. The system cannot find the file specified.
2024-08-27 20:51:58,331 ERROR [1] Plugin.Theses.ViewModels.MainMultiLevel_ViewModel.LoadGradeSubjectThesis - Could not load file or assembly 'Newtonsoft.Json, Version=6.0.0.0, Culture=neutral, PublicKeyToken=30ad4fe6b2a6aeed' or one of its dependencies. The system cannot find the file specified.
2024-08-27 20:54:38,268 ERROR [1] Plugin.Theses.ViewModels.MainMultiLevel_ViewModel.LoadGradeSubjectThesis - Could not load file or assembly 'Newtonsoft.Json, Version=6.0.0.0, Culture=neutral, PublicKeyToken=30ad4fe6b2a6aeed' or one of its dependencies. The system cannot find the file specified.
2024-08-27 20:55:16,710 ERROR [1] Plugin.Theses.ViewModels.MainMultiLevel_ViewModel.LoadGradeSubjectThesis - Could not load file or assembly 'Newtonsoft.Json, Version=6.0.0.0, Culture=neutral, PublicKeyToken=30ad4fe6b2a6aeed' or one of its dependencies. The system cannot find the file specified.
2024-08-27 20:56:49,096 ERROR [1] Plugin.Theses.ViewModels.MainMultiLevel_ViewModel.LoadGradeSubjectThesis - Could not load file or assembly 'Newtonsoft.Json, Version=6.0.0.0, Culture=neutral, PublicKeyToken=30ad4fe6b2a6aeed' or one of its dependencies. The system cannot find the file specified.
2024-08-27 20:57:27,747 ERROR [1] Plugin.Theses.ViewModels.MainMultiLevel_ViewModel.LoadGradeSubjectThesis - Could not load file or assembly 'Newtonsoft.Json, Version=6.0.0.0, Culture=neutral, PublicKeyToken=30ad4fe6b2a6aeed' or one of its dependencies. The system cannot find the file specified.
2024-08-27 21:06:04,529 ERROR [1] WindowMain.ViewModels.ViewModelMain.ClickCommand_RunWorkerCompleted - The component 'Plugin.Theses.Views.MainMultiLevel' does not have a resource identified by the URI '/INV.Framework.Theses.Library;component/views/mainmultilevel.xaml'.
2024-08-27 21:06:04,568 ERROR [1] WindowMain.ViewModels.ViewModelMain.ClickCommand_RunWorkerCompleted -    at System.Windows.Application.LoadComponent(Object component, Uri resourceLocator)
   at Plugin.Theses.Views.MainMultiLevel.InitializeComponent() in E:\OS\test_pro\src_git_hub\OutSource_InTest\LanTest\TestPro-Client\Clients\Plugin.Theses\Views\MainMultiLevel.xaml:line 1
   at Plugin.Theses.Views.MainMultiLevel..ctor() in E:\OS\test_pro\src_git_hub\OutSource_InTest\LanTest\TestPro-Client\Clients\Plugin.Theses\Views\MainMultiLevel.xaml.cs:line 22
   at Plugin.Theses.ConectionSdk.Process(IDictionary`2 key) in E:\OS\test_pro\src_git_hub\OutSource_InTest\LanTest\TestPro-Client\Clients\Plugin.Theses\ConnectionSDK.cs:line 40
   at WindowMain.ViewModels.ViewModelMain.ClickCommand_RunWorkerCompleted(Object arg1, RunWorkerCompletedEventArgs arg2) in E:\OS\test_pro\src_git_hub\OutSource_InTest\LanTest\TestPro-Client\Clients\WindowMain\ViewModels\ViewModelMain.cs:line 498
2024-08-27 21:06:30,044 ERROR [1] WindowMain.ViewModels.ViewModelMain.ClickCommand_RunWorkerCompleted - The component 'Plugin.Theses.Views.MainMultiLevel' does not have a resource identified by the URI '/INV.Framework.Theses.Library;component/views/mainmultilevel.xaml'.
2024-08-27 21:06:30,044 ERROR [1] WindowMain.ViewModels.ViewModelMain.ClickCommand_RunWorkerCompleted -    at System.Windows.Application.LoadComponent(Object component, Uri resourceLocator)
   at Plugin.Theses.Views.MainMultiLevel.InitializeComponent() in E:\OS\test_pro\src_git_hub\OutSource_InTest\LanTest\TestPro-Client\Clients\Plugin.Theses\Views\MainMultiLevel.xaml:line 1
   at Plugin.Theses.Views.MainMultiLevel..ctor() in E:\OS\test_pro\src_git_hub\OutSource_InTest\LanTest\TestPro-Client\Clients\Plugin.Theses\Views\MainMultiLevel.xaml.cs:line 22
   at Plugin.Theses.ConectionSdk.Process(IDictionary`2 key) in E:\OS\test_pro\src_git_hub\OutSource_InTest\LanTest\TestPro-Client\Clients\Plugin.Theses\ConnectionSDK.cs:line 40
   at WindowMain.ViewModels.ViewModelMain.ClickCommand_RunWorkerCompleted(Object arg1, RunWorkerCompletedEventArgs arg2) in E:\OS\test_pro\src_git_hub\OutSource_InTest\LanTest\TestPro-Client\Clients\WindowMain\ViewModels\ViewModelMain.cs:line 498
2024-08-27 21:15:05,151 ERROR [1] WindowMain.ViewModels.ViewModelMain.ClickCommand_RunWorkerCompleted - The component 'Plugin.Theses.Views.MainMultiLevel' does not have a resource identified by the URI '/INV.Framework.Theses.Library;component/views/mainmultilevel.xaml'.
2024-08-27 21:15:05,164 ERROR [1] WindowMain.ViewModels.ViewModelMain.ClickCommand_RunWorkerCompleted -    at System.Windows.Application.LoadComponent(Object component, Uri resourceLocator)
   at Plugin.Theses.Views.MainMultiLevel.InitializeComponent() in E:\OS\test_pro\src_git_hub\OutSource_InTest\LanTest\TestPro-Client\Clients\Plugin.Theses\Views\MainMultiLevel.xaml:line 1
   at Plugin.Theses.Views.MainMultiLevel..ctor() in E:\OS\test_pro\src_git_hub\OutSource_InTest\LanTest\TestPro-Client\Clients\Plugin.Theses\Views\MainMultiLevel.xaml.cs:line 22
   at Plugin.Theses.ConectionSdk.Process(IDictionary`2 key) in E:\OS\test_pro\src_git_hub\OutSource_InTest\LanTest\TestPro-Client\Clients\Plugin.Theses\ConnectionSDK.cs:line 40
   at WindowMain.ViewModels.ViewModelMain.ClickCommand_RunWorkerCompleted(Object arg1, RunWorkerCompletedEventArgs arg2) in E:\OS\test_pro\src_git_hub\OutSource_InTest\LanTest\TestPro-Client\Clients\WindowMain\ViewModels\ViewModelMain.cs:line 498
2024-08-27 21:15:34,145 ERROR [1] WindowMain.ViewModels.ViewModelMain.ClickCommand_RunWorkerCompleted - The component 'Plugin.Theses.Views.MainMultiLevel' does not have a resource identified by the URI '/INV.Framework.Theses.Library;component/views/mainmultilevel.xaml'.
2024-08-27 21:15:34,183 ERROR [1] WindowMain.ViewModels.ViewModelMain.ClickCommand_RunWorkerCompleted -    at System.Windows.Application.LoadComponent(Object component, Uri resourceLocator)
   at Plugin.Theses.Views.MainMultiLevel.InitializeComponent() in E:\OS\test_pro\src_git_hub\OutSource_InTest\LanTest\TestPro-Client\Clients\Plugin.Theses\Views\MainMultiLevel.xaml:line 1
   at Plugin.Theses.Views.MainMultiLevel..ctor() in E:\OS\test_pro\src_git_hub\OutSource_InTest\LanTest\TestPro-Client\Clients\Plugin.Theses\Views\MainMultiLevel.xaml.cs:line 22
   at Plugin.Theses.ConectionSdk.Process(IDictionary`2 key) in E:\OS\test_pro\src_git_hub\OutSource_InTest\LanTest\TestPro-Client\Clients\Plugin.Theses\ConnectionSDK.cs:line 40
   at WindowMain.ViewModels.ViewModelMain.ClickCommand_RunWorkerCompleted(Object arg1, RunWorkerCompletedEventArgs arg2) in E:\OS\test_pro\src_git_hub\OutSource_InTest\LanTest\TestPro-Client\Clients\WindowMain\ViewModels\ViewModelMain.cs:line 498
2024-08-27 21:18:57,882 ERROR [1] WindowMain.ViewModels.ViewModelMain.ClickCommand_RunWorkerCompleted - The component 'Plugin.Theses.Views.MainMultiLevel' does not have a resource identified by the URI '/INV.Framework.Theses.Library;component/views/mainmultilevel.xaml'.
2024-08-27 21:18:57,928 ERROR [1] WindowMain.ViewModels.ViewModelMain.ClickCommand_RunWorkerCompleted -    at System.Windows.Application.LoadComponent(Object component, Uri resourceLocator)
   at Plugin.Theses.Views.MainMultiLevel.InitializeComponent() in E:\OS\test_pro\src_git_hub\OutSource_InTest\LanTest\TestPro-Client\Clients\Plugin.Theses\Views\MainMultiLevel.xaml:line 1
   at Plugin.Theses.Views.MainMultiLevel..ctor() in E:\OS\test_pro\src_git_hub\OutSource_InTest\LanTest\TestPro-Client\Clients\Plugin.Theses\Views\MainMultiLevel.xaml.cs:line 22
   at Plugin.Theses.ConectionSdk.Process(IDictionary`2 key) in E:\OS\test_pro\src_git_hub\OutSource_InTest\LanTest\TestPro-Client\Clients\Plugin.Theses\ConnectionSDK.cs:line 40
   at WindowMain.ViewModels.ViewModelMain.ClickCommand_RunWorkerCompleted(Object arg1, RunWorkerCompletedEventArgs arg2) in E:\OS\test_pro\src_git_hub\OutSource_InTest\LanTest\TestPro-Client\Clients\WindowMain\ViewModels\ViewModelMain.cs:line 498
2024-08-27 21:19:56,803 ERROR [1] WindowMain.ViewModels.ViewModelMain.ClickCommand_RunWorkerCompleted - The component 'Plugin.Theses.Views.MainMultiLevel' does not have a resource identified by the URI '/INV.Framework.Theses.Library;component/views/mainmultilevel.xaml'.
2024-08-27 21:19:56,804 ERROR [1] WindowMain.ViewModels.ViewModelMain.ClickCommand_RunWorkerCompleted -    at System.Windows.Application.LoadComponent(Object component, Uri resourceLocator)
   at Plugin.Theses.Views.MainMultiLevel.InitializeComponent() in E:\OS\test_pro\src_git_hub\OutSource_InTest\LanTest\TestPro-Client\Clients\Plugin.Theses\Views\MainMultiLevel.xaml:line 1
   at Plugin.Theses.Views.MainMultiLevel..ctor() in E:\OS\test_pro\src_git_hub\OutSource_InTest\LanTest\TestPro-Client\Clients\Plugin.Theses\Views\MainMultiLevel.xaml.cs:line 22
   at Plugin.Theses.ConectionSdk.Process(IDictionary`2 key) in E:\OS\test_pro\src_git_hub\OutSource_InTest\LanTest\TestPro-Client\Clients\Plugin.Theses\ConnectionSDK.cs:line 40
   at WindowMain.ViewModels.ViewModelMain.ClickCommand_RunWorkerCompleted(Object arg1, RunWorkerCompletedEventArgs arg2) in E:\OS\test_pro\src_git_hub\OutSource_InTest\LanTest\TestPro-Client\Clients\WindowMain\ViewModels\ViewModelMain.cs:line 498
2024-08-27 21:27:42,492 ERROR [1] WindowMain.ViewModels.ViewModelMain.ClickCommand_RunWorkerCompleted - The component 'Plugin.Theses.Views.MainMultiLevel' does not have a resource identified by the URI '/INV.Framework.Theses.Library;component/views/mainmultilevel.xaml'.
2024-08-27 21:27:42,533 ERROR [1] WindowMain.ViewModels.ViewModelMain.ClickCommand_RunWorkerCompleted -    at System.Windows.Application.LoadComponent(Object component, Uri resourceLocator)
   at Plugin.Theses.Views.MainMultiLevel.InitializeComponent() in E:\OS\test_pro\src_git_hub\OutSource_InTest\LanTest\TestPro-Client\Clients\Plugin.Theses\Views\MainMultiLevel.xaml:line 1
   at Plugin.Theses.Views.MainMultiLevel..ctor() in E:\OS\test_pro\src_git_hub\OutSource_InTest\LanTest\TestPro-Client\Clients\Plugin.Theses\Views\MainMultiLevel.xaml.cs:line 22
   at Plugin.Theses.ConectionSdk.Process(IDictionary`2 key) in E:\OS\test_pro\src_git_hub\OutSource_InTest\LanTest\TestPro-Client\Clients\Plugin.Theses\ConnectionSDK.cs:line 40
   at WindowMain.ViewModels.ViewModelMain.ClickCommand_RunWorkerCompleted(Object arg1, RunWorkerCompletedEventArgs arg2) in E:\OS\test_pro\src_git_hub\OutSource_InTest\LanTest\TestPro-Client\Clients\WindowMain\ViewModels\ViewModelMain.cs:line 498
2024-08-27 21:30:55,975 ERROR [1] WindowMain.ViewModels.ViewModelMain.ClickCommand_RunWorkerCompleted - The component 'Plugin.Theses.Views.MainMultiLevel' does not have a resource identified by the URI '/INV.Framework.Theses.Library;component/views/mainmultilevel.xaml'.
2024-08-27 21:30:56,000 ERROR [1] WindowMain.ViewModels.ViewModelMain.ClickCommand_RunWorkerCompleted -    at System.Windows.Application.LoadComponent(Object component, Uri resourceLocator)
   at Plugin.Theses.Views.MainMultiLevel.InitializeComponent() in E:\OS\test_pro\src_git_hub\OutSource_InTest\LanTest\TestPro-Client\Clients\Plugin.Theses\Views\MainMultiLevel.xaml:line 1
   at Plugin.Theses.Views.MainMultiLevel..ctor() in E:\OS\test_pro\src_git_hub\OutSource_InTest\LanTest\TestPro-Client\Clients\Plugin.Theses\Views\MainMultiLevel.xaml.cs:line 22
   at Plugin.Theses.ConectionSdk.Process(IDictionary`2 key) in E:\OS\test_pro\src_git_hub\OutSource_InTest\LanTest\TestPro-Client\Clients\Plugin.Theses\ConnectionSDK.cs:line 40
   at WindowMain.ViewModels.ViewModelMain.ClickCommand_RunWorkerCompleted(Object arg1, RunWorkerCompletedEventArgs arg2) in E:\OS\test_pro\src_git_hub\OutSource_InTest\LanTest\TestPro-Client\Clients\WindowMain\ViewModels\ViewModelMain.cs:line 498
2024-08-27 21:33:02,495 ERROR [1] WindowMain.ViewModels.ViewModelMain.ClickCommand_RunWorkerCompleted - The component 'Plugin.Theses.Views.MainMultiLevel' does not have a resource identified by the URI '/INV.Framework.Theses.Library;component/views/mainmultilevel.xaml'.
2024-08-27 21:33:02,536 ERROR [1] WindowMain.ViewModels.ViewModelMain.ClickCommand_RunWorkerCompleted -    at System.Windows.Application.LoadComponent(Object component, Uri resourceLocator)
   at Plugin.Theses.Views.MainMultiLevel.InitializeComponent() in E:\OS\test_pro\src_git_hub\OutSource_InTest\LanTest\TestPro-Client\Clients\Plugin.Theses\Views\MainMultiLevel.xaml:line 1
   at Plugin.Theses.Views.MainMultiLevel..ctor() in E:\OS\test_pro\src_git_hub\OutSource_InTest\LanTest\TestPro-Client\Clients\Plugin.Theses\Views\MainMultiLevel.xaml.cs:line 22
   at Plugin.Theses.ConectionSdk.Process(IDictionary`2 key) in E:\OS\test_pro\src_git_hub\OutSource_InTest\LanTest\TestPro-Client\Clients\Plugin.Theses\ConnectionSDK.cs:line 40
   at WindowMain.ViewModels.ViewModelMain.ClickCommand_RunWorkerCompleted(Object arg1, RunWorkerCompletedEventArgs arg2) in E:\OS\test_pro\src_git_hub\OutSource_InTest\LanTest\TestPro-Client\Clients\WindowMain\ViewModels\ViewModelMain.cs:line 498
2024-08-27 21:35:32,512 ERROR [1] WindowMain.ViewModels.ViewModelMain.ClickCommand_RunWorkerCompleted - The component 'Plugin.Theses.Views.MainMultiLevel' does not have a resource identified by the URI '/INV.Framework.Theses.Library;component/views/mainmultilevel.xaml'.
2024-08-27 21:35:32,547 ERROR [1] WindowMain.ViewModels.ViewModelMain.ClickCommand_RunWorkerCompleted -    at System.Windows.Application.LoadComponent(Object component, Uri resourceLocator)
   at Plugin.Theses.Views.MainMultiLevel.InitializeComponent() in E:\OS\test_pro\src_git_hub\OutSource_InTest\LanTest\TestPro-Client\Clients\Plugin.Theses\Views\MainMultiLevel.xaml:line 1
   at Plugin.Theses.Views.MainMultiLevel..ctor() in E:\OS\test_pro\src_git_hub\OutSource_InTest\LanTest\TestPro-Client\Clients\Plugin.Theses\Views\MainMultiLevel.xaml.cs:line 22
   at Plugin.Theses.ConectionSdk.Process(IDictionary`2 key) in E:\OS\test_pro\src_git_hub\OutSource_InTest\LanTest\TestPro-Client\Clients\Plugin.Theses\ConnectionSDK.cs:line 40
   at WindowMain.ViewModels.ViewModelMain.ClickCommand_RunWorkerCompleted(Object arg1, RunWorkerCompletedEventArgs arg2) in E:\OS\test_pro\src_git_hub\OutSource_InTest\LanTest\TestPro-Client\Clients\WindowMain\ViewModels\ViewModelMain.cs:line 498
2024-08-27 21:55:54,613 ERROR [1] Plugin.UpdateEachQuestion.ViewModels.ViewModelMainNew.GetQuestionInfoLoadOldLever - Object reference not set to an instance of an object.
2024-08-27 22:38:04,128 ERROR [1] Plugin.Examination.ViewModels.MatrixThesis_ViewModel.SetInfo - Object reference not set to an instance of an object.
