2024-09-07 16:49:12,398 ERROR [1] Plugin.Examination.ViewModels.QuickUpdateMatrix_ViewModel.<get_ExportMatrixCommand>b__78_0 - The 'Microsoft.ACE.OLEDB.12.0' provider is not registered on the local machine.
2024-09-07 16:49:12,471 ERROR [1] Plugin.Examination.ViewModels.QuickUpdateMatrix_ViewModel.<get_ExportMatrixCommand>b__78_0 -    at System.Data.OleDb.OleDbServicesWrapper.GetDataSource(OleDbConnectionString constr, DataSourceWrapper& datasrcWrapper)
   at System.Data.OleDb.OleDbConnectionInternal..ctor(OleDbConnectionString constr, OleDbConnection connection)
   at System.Data.OleDb.OleDbConnectionFactory.CreateConnection(DbConnectionOptions options, DbConnectionPoolKey poolKey, Object poolGroupProviderInfo, DbConnectionPool pool, DbConnection owningObject)
   at System.Data.ProviderBase.DbConnectionFactory.CreateConnection(DbConnectionOptions options, DbConnectionPoolKey poolKey, Object poolGroupProviderInfo, DbConnectionPool pool, DbConnection owningConnection, DbConnectionOptions userOptions)
   at System.Data.ProviderBase.DbConnectionFactory.CreateNonPooledConnection(DbConnection owningConnection, DbConnectionPoolGroup poolGroup, DbConnectionOptions userOptions)
   at System.Data.ProviderBase.DbConnectionFactory.TryGetConnection(DbConnection owningConnection, TaskCompletionSource`1 retry, DbConnectionOptions userOptions, DbConnectionInternal oldConnection, DbConnectionInternal& connection)
   at System.Data.ProviderBase.DbConnectionInternal.TryOpenConnectionInternal(DbConnection outerConnection, DbConnectionFactory connectionFactory, TaskCompletionSource`1 retry, DbConnectionOptions userOptions)
   at System.Data.ProviderBase.DbConnectionClosed.TryOpenConnection(DbConnection outerConnection, DbConnectionFactory connectionFactory, TaskCompletionSource`1 retry, DbConnectionOptions userOptions)
   at System.Data.ProviderBase.DbConnectionInternal.OpenConnection(DbConnection outerConnection, DbConnectionFactory connectionFactory)
   at System.Data.OleDb.OleDbConnection.Open()
   at Plugin.Examination.ViewModels.QuickUpdateMatrix_ViewModel.ToExcelFile(DataTable dataTable, String filePath, Boolean overwriteFile) in E:\OS\test_pro\src_git_hub\OutSource_InTest\LanTest\TestPro-Client\Clients\Plugin.Examination\ViewModels\QuickUpdateMatrix_ViewModel.cs:line 979
   at Plugin.Examination.ViewModels.QuickUpdateMatrix_ViewModel.<get_ExportMatrixCommand>b__78_0(Object p) in E:\OS\test_pro\src_git_hub\OutSource_InTest\LanTest\TestPro-Client\Clients\Plugin.Examination\ViewModels\QuickUpdateMatrix_ViewModel.cs:line 1299
2024-09-07 16:49:22,265 ERROR [1] Plugin.Examination.ViewModels.QuickUpdateMatrix_ViewModel.<get_ExportMatrixCommand>b__78_0 - The 'Microsoft.ACE.OLEDB.12.0' provider is not registered on the local machine.
2024-09-07 16:49:22,266 ERROR [1] Plugin.Examination.ViewModels.QuickUpdateMatrix_ViewModel.<get_ExportMatrixCommand>b__78_0 -    at System.Data.OleDb.OleDbServicesWrapper.GetDataSource(OleDbConnectionString constr, DataSourceWrapper& datasrcWrapper)
   at System.Data.OleDb.OleDbConnectionInternal..ctor(OleDbConnectionString constr, OleDbConnection connection)
   at System.Data.OleDb.OleDbConnectionFactory.CreateConnection(DbConnectionOptions options, DbConnectionPoolKey poolKey, Object poolGroupProviderInfo, DbConnectionPool pool, DbConnection owningObject)
   at System.Data.ProviderBase.DbConnectionFactory.CreateConnection(DbConnectionOptions options, DbConnectionPoolKey poolKey, Object poolGroupProviderInfo, DbConnectionPool pool, DbConnection owningConnection, DbConnectionOptions userOptions)
   at System.Data.ProviderBase.DbConnectionFactory.CreateNonPooledConnection(DbConnection owningConnection, DbConnectionPoolGroup poolGroup, DbConnectionOptions userOptions)
   at System.Data.ProviderBase.DbConnectionFactory.TryGetConnection(DbConnection owningConnection, TaskCompletionSource`1 retry, DbConnectionOptions userOptions, DbConnectionInternal oldConnection, DbConnectionInternal& connection)
   at System.Data.ProviderBase.DbConnectionInternal.TryOpenConnectionInternal(DbConnection outerConnection, DbConnectionFactory connectionFactory, TaskCompletionSource`1 retry, DbConnectionOptions userOptions)
   at System.Data.ProviderBase.DbConnectionClosed.TryOpenConnection(DbConnection outerConnection, DbConnectionFactory connectionFactory, TaskCompletionSource`1 retry, DbConnectionOptions userOptions)
   at System.Data.ProviderBase.DbConnectionInternal.OpenConnection(DbConnection outerConnection, DbConnectionFactory connectionFactory)
   at System.Data.OleDb.OleDbConnection.Open()
   at Plugin.Examination.ViewModels.QuickUpdateMatrix_ViewModel.ToExcelFile(DataTable dataTable, String filePath, Boolean overwriteFile) in E:\OS\test_pro\src_git_hub\OutSource_InTest\LanTest\TestPro-Client\Clients\Plugin.Examination\ViewModels\QuickUpdateMatrix_ViewModel.cs:line 979
   at Plugin.Examination.ViewModels.QuickUpdateMatrix_ViewModel.<get_ExportMatrixCommand>b__78_0(Object p) in E:\OS\test_pro\src_git_hub\OutSource_InTest\LanTest\TestPro-Client\Clients\Plugin.Examination\ViewModels\QuickUpdateMatrix_ViewModel.cs:line 1299
2024-09-07 17:13:14,970 ERROR [1] Plugin.Examination.ViewModels.QuickUpdateMatrix_ViewModel.<get_ExportMatrixCommand>b__78_0 - The 'Microsoft.ACE.OLEDB.12.0' provider is not registered on the local machine.
2024-09-07 17:13:15,004 ERROR [1] Plugin.Examination.ViewModels.QuickUpdateMatrix_ViewModel.<get_ExportMatrixCommand>b__78_0 -    at System.Data.OleDb.OleDbServicesWrapper.GetDataSource(OleDbConnectionString constr, DataSourceWrapper& datasrcWrapper)
   at System.Data.OleDb.OleDbConnectionInternal..ctor(OleDbConnectionString constr, OleDbConnection connection)
   at System.Data.OleDb.OleDbConnectionFactory.CreateConnection(DbConnectionOptions options, DbConnectionPoolKey poolKey, Object poolGroupProviderInfo, DbConnectionPool pool, DbConnection owningObject)
   at System.Data.ProviderBase.DbConnectionFactory.CreateConnection(DbConnectionOptions options, DbConnectionPoolKey poolKey, Object poolGroupProviderInfo, DbConnectionPool pool, DbConnection owningConnection, DbConnectionOptions userOptions)
   at System.Data.ProviderBase.DbConnectionFactory.CreateNonPooledConnection(DbConnection owningConnection, DbConnectionPoolGroup poolGroup, DbConnectionOptions userOptions)
   at System.Data.ProviderBase.DbConnectionFactory.TryGetConnection(DbConnection owningConnection, TaskCompletionSource`1 retry, DbConnectionOptions userOptions, DbConnectionInternal oldConnection, DbConnectionInternal& connection)
   at System.Data.ProviderBase.DbConnectionInternal.TryOpenConnectionInternal(DbConnection outerConnection, DbConnectionFactory connectionFactory, TaskCompletionSource`1 retry, DbConnectionOptions userOptions)
   at System.Data.ProviderBase.DbConnectionClosed.TryOpenConnection(DbConnection outerConnection, DbConnectionFactory connectionFactory, TaskCompletionSource`1 retry, DbConnectionOptions userOptions)
   at System.Data.ProviderBase.DbConnectionInternal.OpenConnection(DbConnection outerConnection, DbConnectionFactory connectionFactory)
   at System.Data.OleDb.OleDbConnection.Open()
   at Plugin.Examination.ViewModels.QuickUpdateMatrix_ViewModel.ToExcelFile(DataTable dataTable, String filePath, Boolean overwriteFile) in E:\OS\test_pro\src_git_hub\OutSource_InTest\LanTest\TestPro-Client\Clients\Plugin.Examination\ViewModels\QuickUpdateMatrix_ViewModel.cs:line 979
   at Plugin.Examination.ViewModels.QuickUpdateMatrix_ViewModel.<get_ExportMatrixCommand>b__78_0(Object p) in E:\OS\test_pro\src_git_hub\OutSource_InTest\LanTest\TestPro-Client\Clients\Plugin.Examination\ViewModels\QuickUpdateMatrix_ViewModel.cs:line 1299
2024-09-07 17:38:15,392 ERROR [1] Plugin.Examination.ViewModels.QuickUpdateMatrix_ViewModel.<get_ExportMatrixCommand>b__78_0 - The 'Microsoft.ACE.OLEDB.16.0' provider is not registered on the local machine.
2024-09-07 17:38:15,432 ERROR [1] Plugin.Examination.ViewModels.QuickUpdateMatrix_ViewModel.<get_ExportMatrixCommand>b__78_0 -    at System.Data.OleDb.OleDbServicesWrapper.GetDataSource(OleDbConnectionString constr, DataSourceWrapper& datasrcWrapper)
   at System.Data.OleDb.OleDbConnectionInternal..ctor(OleDbConnectionString constr, OleDbConnection connection)
   at System.Data.OleDb.OleDbConnectionFactory.CreateConnection(DbConnectionOptions options, DbConnectionPoolKey poolKey, Object poolGroupProviderInfo, DbConnectionPool pool, DbConnection owningObject)
   at System.Data.ProviderBase.DbConnectionFactory.CreateConnection(DbConnectionOptions options, DbConnectionPoolKey poolKey, Object poolGroupProviderInfo, DbConnectionPool pool, DbConnection owningConnection, DbConnectionOptions userOptions)
   at System.Data.ProviderBase.DbConnectionFactory.CreateNonPooledConnection(DbConnection owningConnection, DbConnectionPoolGroup poolGroup, DbConnectionOptions userOptions)
   at System.Data.ProviderBase.DbConnectionFactory.TryGetConnection(DbConnection owningConnection, TaskCompletionSource`1 retry, DbConnectionOptions userOptions, DbConnectionInternal oldConnection, DbConnectionInternal& connection)
   at System.Data.ProviderBase.DbConnectionInternal.TryOpenConnectionInternal(DbConnection outerConnection, DbConnectionFactory connectionFactory, TaskCompletionSource`1 retry, DbConnectionOptions userOptions)
   at System.Data.ProviderBase.DbConnectionClosed.TryOpenConnection(DbConnection outerConnection, DbConnectionFactory connectionFactory, TaskCompletionSource`1 retry, DbConnectionOptions userOptions)
   at System.Data.ProviderBase.DbConnectionInternal.OpenConnection(DbConnection outerConnection, DbConnectionFactory connectionFactory)
   at System.Data.OleDb.OleDbConnection.Open()
   at Plugin.Examination.ViewModels.QuickUpdateMatrix_ViewModel.ToExcelFile(DataTable dataTable, String filePath, Boolean overwriteFile) in E:\OS\test_pro\src_git_hub\OutSource_InTest\LanTest\TestPro-Client\Clients\Plugin.Examination\ViewModels\QuickUpdateMatrix_ViewModel.cs:line 979
   at Plugin.Examination.ViewModels.QuickUpdateMatrix_ViewModel.<get_ExportMatrixCommand>b__78_0(Object p) in E:\OS\test_pro\src_git_hub\OutSource_InTest\LanTest\TestPro-Client\Clients\Plugin.Examination\ViewModels\QuickUpdateMatrix_ViewModel.cs:line 1299
2024-09-07 17:46:55,030 ERROR [1] Plugin.Examination.ViewModels.QuickUpdateMatrix_ViewModel.<get_ExportMatrixCommand>b__78_0 - The 'Microsoft.ACE.OLEDB.16.0' provider is not registered on the local machine.
2024-09-07 17:46:55,064 ERROR [1] Plugin.Examination.ViewModels.QuickUpdateMatrix_ViewModel.<get_ExportMatrixCommand>b__78_0 -    at System.Data.OleDb.OleDbServicesWrapper.GetDataSource(OleDbConnectionString constr, DataSourceWrapper& datasrcWrapper)
   at System.Data.OleDb.OleDbConnectionInternal..ctor(OleDbConnectionString constr, OleDbConnection connection)
   at System.Data.OleDb.OleDbConnectionFactory.CreateConnection(DbConnectionOptions options, DbConnectionPoolKey poolKey, Object poolGroupProviderInfo, DbConnectionPool pool, DbConnection owningObject)
   at System.Data.ProviderBase.DbConnectionFactory.CreateConnection(DbConnectionOptions options, DbConnectionPoolKey poolKey, Object poolGroupProviderInfo, DbConnectionPool pool, DbConnection owningConnection, DbConnectionOptions userOptions)
   at System.Data.ProviderBase.DbConnectionFactory.CreateNonPooledConnection(DbConnection owningConnection, DbConnectionPoolGroup poolGroup, DbConnectionOptions userOptions)
   at System.Data.ProviderBase.DbConnectionFactory.TryGetConnection(DbConnection owningConnection, TaskCompletionSource`1 retry, DbConnectionOptions userOptions, DbConnectionInternal oldConnection, DbConnectionInternal& connection)
   at System.Data.ProviderBase.DbConnectionInternal.TryOpenConnectionInternal(DbConnection outerConnection, DbConnectionFactory connectionFactory, TaskCompletionSource`1 retry, DbConnectionOptions userOptions)
   at System.Data.ProviderBase.DbConnectionClosed.TryOpenConnection(DbConnection outerConnection, DbConnectionFactory connectionFactory, TaskCompletionSource`1 retry, DbConnectionOptions userOptions)
   at System.Data.ProviderBase.DbConnectionInternal.OpenConnection(DbConnection outerConnection, DbConnectionFactory connectionFactory)
   at System.Data.OleDb.OleDbConnection.Open()
   at Plugin.Examination.ViewModels.QuickUpdateMatrix_ViewModel.ToExcelFile(DataTable dataTable, String filePath, Boolean overwriteFile) in E:\OS\test_pro\src_git_hub\OutSource_InTest\LanTest\TestPro-Client\Clients\Plugin.Examination\ViewModels\QuickUpdateMatrix_ViewModel.cs:line 979
   at Plugin.Examination.ViewModels.QuickUpdateMatrix_ViewModel.<get_ExportMatrixCommand>b__78_0(Object p) in E:\OS\test_pro\src_git_hub\OutSource_InTest\LanTest\TestPro-Client\Clients\Plugin.Examination\ViewModels\QuickUpdateMatrix_ViewModel.cs:line 1299
2024-09-07 17:48:48,972 ERROR [1] WindowMain.ViewModels.ViewModelMain.LoadData - Could not load file or assembly 'file:///E:\OS\test_pro\src_git_hub\OutSource_InTest\LanTest\TestPro-Client\Publics\Tes\PlugIns\Plugin.Examination.dll' or one of its dependencies. An attempt was made to load a program with an incorrect format.
2024-09-07 17:48:49,021 ERROR [1] WindowMain.ViewModels.ViewModelMain.LoadData -    at System.Reflection.RuntimeAssembly._nLoad(AssemblyName fileName, String codeBase, Evidence assemblySecurity, RuntimeAssembly locationHint, StackCrawlMark& stackMark, IntPtr pPrivHostBinder, Boolean throwOnFileNotFound, Boolean forIntrospection, Boolean suppressSecurityChecks)
   at System.Reflection.RuntimeAssembly.nLoad(AssemblyName fileName, String codeBase, Evidence assemblySecurity, RuntimeAssembly locationHint, StackCrawlMark& stackMark, IntPtr pPrivHostBinder, Boolean throwOnFileNotFound, Boolean forIntrospection, Boolean suppressSecurityChecks)
   at System.Reflection.RuntimeAssembly.InternalLoadAssemblyName(AssemblyName assemblyRef, Evidence assemblySecurity, RuntimeAssembly reqAssembly, StackCrawlMark& stackMark, IntPtr pPrivHostBinder, Boolean throwOnFileNotFound, Boolean forIntrospection, Boolean suppressSecurityChecks)
   at System.Reflection.RuntimeAssembly.InternalLoadFrom(String assemblyFile, Evidence securityEvidence, Byte[] hashValue, AssemblyHashAlgorithm hashAlgorithm, Boolean forIntrospection, Boolean suppressSecurityChecks, StackCrawlMark& stackMark)
   at System.Reflection.Assembly.LoadFrom(String assemblyFile)
   at HostViewer.HostService.LoadPlugIns(String filePath) in E:\OS\test_pro\src_git_hub\OutSource_InTest\LanTest\TestPro-Client\Clients\WindowMain\ViewModels\HostService.cs:line 70
   at HostViewer.HostService.FindPlugIns(String folderPath) in E:\OS\test_pro\src_git_hub\OutSource_InTest\LanTest\TestPro-Client\Clients\WindowMain\ViewModels\HostService.cs:line 60
   at WindowMain.ViewModels.BLLPlugin.LoadPlugins(Int32 intSoftware, List`1 lstRuleOfUser, List`1& lstMenuItems, Boolean checkServer, String forder) in E:\OS\test_pro\src_git_hub\OutSource_InTest\LanTest\TestPro-Client\Clients\WindowMain\ViewModels\BLLPlugin.cs:line 710
   at WindowMain.ViewModels.ViewModelMain.LoadData() in E:\OS\test_pro\src_git_hub\OutSource_InTest\LanTest\TestPro-Client\Clients\WindowMain\ViewModels\ViewModelMain.cs:line 1090
