2025-01-20 15:03:34,054 ERROR [1] PluginLan.SupervisionTest.ViewModels.ViewModelMainOnline.<get_TurnSelectionChangedCommand>b__156_0 - The component 'INV.Framework.LoadingPopup.View.PopupLoading' does not have a resource identified by the URI '/INV.Framework.LoadingPopup;component/view/popuploading.xaml'.
2025-01-20 15:03:34,103 ERROR [1] PluginLan.SupervisionTest.ViewModels.ViewModelMainOnline.<get_TurnSelectionChangedCommand>b__156_0 -    at System.Windows.Application.LoadComponent(Object component, Uri resourceLocator)
   at INV.Framework.LoadingPopup.View.PopupLoading.InitializeComponent() in D:\PROJECT\EDU-Lantest\TestPro-Client\Clients\INV.Framework.LoadingPopup\View\PopupLoading.xaml:line 1
   at INV.Framework.LoadingPopup.View.PopupLoading..ctor() in D:\PROJECT\EDU-Lantest\TestPro-Client\Clients\INV.Framework.LoadingPopup\View\PopupLoading.xaml.cs:line 21
   at PluginLan.SupervisionTest.ViewModels.BLLPlugin.ShowPopupLoading(PopupLoading& LoadingUC, Grid& gridPopup) in D:\InTest_OutSource\OutSource_InTest\LanTest\TestPro-Client\Clients\PluginLan.SupervisionTest\ViewModels\BLLPlugin.cs:line 458
   at PluginLan.SupervisionTest.ViewModels.ViewModelMainOnline.<get_TurnSelectionChangedCommand>b__156_0(Object p) in D:\InTest_OutSource\OutSource_InTest\LanTest\TestPro-Client\Clients\PluginLan.SupervisionTest\ViewModels\ViewModelMainOnline.cs:line 2643
2025-01-20 15:03:38,440 ERROR [1] PluginLan.SupervisionTest.ViewModels.ViewModelMainOnline.<get_TurnSelectionChangedCommand>b__156_0 - The component 'INV.Framework.LoadingPopup.View.PopupLoading' does not have a resource identified by the URI '/INV.Framework.LoadingPopup;component/view/popuploading.xaml'.
2025-01-20 15:03:38,441 ERROR [1] PluginLan.SupervisionTest.ViewModels.ViewModelMainOnline.<get_TurnSelectionChangedCommand>b__156_0 -    at System.Windows.Application.LoadComponent(Object component, Uri resourceLocator)
   at INV.Framework.LoadingPopup.View.PopupLoading.InitializeComponent() in D:\PROJECT\EDU-Lantest\TestPro-Client\Clients\INV.Framework.LoadingPopup\View\PopupLoading.xaml:line 1
   at INV.Framework.LoadingPopup.View.PopupLoading..ctor() in D:\PROJECT\EDU-Lantest\TestPro-Client\Clients\INV.Framework.LoadingPopup\View\PopupLoading.xaml.cs:line 21
   at PluginLan.SupervisionTest.ViewModels.BLLPlugin.ShowPopupLoading(PopupLoading& LoadingUC, Grid& gridPopup) in D:\InTest_OutSource\OutSource_InTest\LanTest\TestPro-Client\Clients\PluginLan.SupervisionTest\ViewModels\BLLPlugin.cs:line 458
   at PluginLan.SupervisionTest.ViewModels.ViewModelMainOnline.<get_TurnSelectionChangedCommand>b__156_0(Object p) in D:\InTest_OutSource\OutSource_InTest\LanTest\TestPro-Client\Clients\PluginLan.SupervisionTest\ViewModels\ViewModelMainOnline.cs:line 2643
2025-01-20 15:13:14,417 ERROR [1] PluginLan.SupervisionTest.ViewModels.ViewModelMainOnline.<get_TurnSelectionChangedCommand>b__156_0 - The component 'INV.Framework.LoadingPopup.View.PopupLoading' does not have a resource identified by the URI '/INV.Framework.LoadingPopup;component/view/popuploading.xaml'.
2025-01-20 15:13:14,444 ERROR [1] PluginLan.SupervisionTest.ViewModels.ViewModelMainOnline.<get_TurnSelectionChangedCommand>b__156_0 -    at System.Windows.Application.LoadComponent(Object component, Uri resourceLocator)
   at INV.Framework.LoadingPopup.View.PopupLoading.InitializeComponent() in D:\PROJECT\EDU-Lantest\TestPro-Client\Clients\INV.Framework.LoadingPopup\View\PopupLoading.xaml:line 1
   at INV.Framework.LoadingPopup.View.PopupLoading..ctor() in D:\PROJECT\EDU-Lantest\TestPro-Client\Clients\INV.Framework.LoadingPopup\View\PopupLoading.xaml.cs:line 21
   at PluginLan.SupervisionTest.ViewModels.BLLPlugin.ShowPopupLoading(PopupLoading& LoadingUC, Grid& gridPopup) in D:\InTest_OutSource\OutSource_InTest\LanTest\TestPro-Client\Clients\PluginLan.SupervisionTest\ViewModels\BLLPlugin.cs:line 458
   at PluginLan.SupervisionTest.ViewModels.ViewModelMainOnline.<get_TurnSelectionChangedCommand>b__156_0(Object p) in D:\InTest_OutSource\OutSource_InTest\LanTest\TestPro-Client\Clients\PluginLan.SupervisionTest\ViewModels\ViewModelMainOnline.cs:line 2643
2025-01-20 15:13:17,211 ERROR [1] PluginLan.SupervisionTest.ViewModels.ViewModelMainOnline.<get_TurnSelectionChangedCommand>b__156_0 - The component 'INV.Framework.LoadingPopup.View.PopupLoading' does not have a resource identified by the URI '/INV.Framework.LoadingPopup;component/view/popuploading.xaml'.
2025-01-20 15:13:17,211 ERROR [1] PluginLan.SupervisionTest.ViewModels.ViewModelMainOnline.<get_TurnSelectionChangedCommand>b__156_0 -    at System.Windows.Application.LoadComponent(Object component, Uri resourceLocator)
   at INV.Framework.LoadingPopup.View.PopupLoading.InitializeComponent() in D:\PROJECT\EDU-Lantest\TestPro-Client\Clients\INV.Framework.LoadingPopup\View\PopupLoading.xaml:line 1
   at INV.Framework.LoadingPopup.View.PopupLoading..ctor() in D:\PROJECT\EDU-Lantest\TestPro-Client\Clients\INV.Framework.LoadingPopup\View\PopupLoading.xaml.cs:line 21
   at PluginLan.SupervisionTest.ViewModels.BLLPlugin.ShowPopupLoading(PopupLoading& LoadingUC, Grid& gridPopup) in D:\InTest_OutSource\OutSource_InTest\LanTest\TestPro-Client\Clients\PluginLan.SupervisionTest\ViewModels\BLLPlugin.cs:line 458
   at PluginLan.SupervisionTest.ViewModels.ViewModelMainOnline.<get_TurnSelectionChangedCommand>b__156_0(Object p) in D:\InTest_OutSource\OutSource_InTest\LanTest\TestPro-Client\Clients\PluginLan.SupervisionTest\ViewModels\ViewModelMainOnline.cs:line 2643
2025-01-20 15:13:22,803 ERROR [1] PluginLan.SupervisionTest.ViewModels.ViewModelMainOnline.<get_TurnSelectionChangedCommand>b__156_0 - The component 'INV.Framework.LoadingPopup.View.PopupLoading' does not have a resource identified by the URI '/INV.Framework.LoadingPopup;component/view/popuploading.xaml'.
2025-01-20 15:13:22,804 ERROR [1] PluginLan.SupervisionTest.ViewModels.ViewModelMainOnline.<get_TurnSelectionChangedCommand>b__156_0 -    at System.Windows.Application.LoadComponent(Object component, Uri resourceLocator)
   at INV.Framework.LoadingPopup.View.PopupLoading.InitializeComponent() in D:\PROJECT\EDU-Lantest\TestPro-Client\Clients\INV.Framework.LoadingPopup\View\PopupLoading.xaml:line 1
   at INV.Framework.LoadingPopup.View.PopupLoading..ctor() in D:\PROJECT\EDU-Lantest\TestPro-Client\Clients\INV.Framework.LoadingPopup\View\PopupLoading.xaml.cs:line 21
   at PluginLan.SupervisionTest.ViewModels.BLLPlugin.ShowPopupLoading(PopupLoading& LoadingUC, Grid& gridPopup) in D:\InTest_OutSource\OutSource_InTest\LanTest\TestPro-Client\Clients\PluginLan.SupervisionTest\ViewModels\BLLPlugin.cs:line 458
   at PluginLan.SupervisionTest.ViewModels.ViewModelMainOnline.<get_TurnSelectionChangedCommand>b__156_0(Object p) in D:\InTest_OutSource\OutSource_InTest\LanTest\TestPro-Client\Clients\PluginLan.SupervisionTest\ViewModels\ViewModelMainOnline.cs:line 2643
2025-01-20 15:13:31,395 ERROR [1] PluginLan.SupervisionTest.ViewModels.ViewModelMainOnline.<get_TurnSelectionChangedCommand>b__156_0 - The component 'INV.Framework.LoadingPopup.View.PopupLoading' does not have a resource identified by the URI '/INV.Framework.LoadingPopup;component/view/popuploading.xaml'.
2025-01-20 15:13:31,395 ERROR [1] PluginLan.SupervisionTest.ViewModels.ViewModelMainOnline.<get_TurnSelectionChangedCommand>b__156_0 -    at System.Windows.Application.LoadComponent(Object component, Uri resourceLocator)
   at INV.Framework.LoadingPopup.View.PopupLoading.InitializeComponent() in D:\PROJECT\EDU-Lantest\TestPro-Client\Clients\INV.Framework.LoadingPopup\View\PopupLoading.xaml:line 1
   at INV.Framework.LoadingPopup.View.PopupLoading..ctor() in D:\PROJECT\EDU-Lantest\TestPro-Client\Clients\INV.Framework.LoadingPopup\View\PopupLoading.xaml.cs:line 21
   at PluginLan.SupervisionTest.ViewModels.BLLPlugin.ShowPopupLoading(PopupLoading& LoadingUC, Grid& gridPopup) in D:\InTest_OutSource\OutSource_InTest\LanTest\TestPro-Client\Clients\PluginLan.SupervisionTest\ViewModels\BLLPlugin.cs:line 458
   at PluginLan.SupervisionTest.ViewModels.ViewModelMainOnline.<get_TurnSelectionChangedCommand>b__156_0(Object p) in D:\InTest_OutSource\OutSource_InTest\LanTest\TestPro-Client\Clients\PluginLan.SupervisionTest\ViewModels\ViewModelMainOnline.cs:line 2643
2025-01-20 15:13:34,658 ERROR [1] PluginLan.SupervisionTest.ViewModels.ViewModelMainOnline.<get_TurnSelectionChangedCommand>b__156_0 - The component 'INV.Framework.LoadingPopup.View.PopupLoading' does not have a resource identified by the URI '/INV.Framework.LoadingPopup;component/view/popuploading.xaml'.
2025-01-20 15:13:34,658 ERROR [1] PluginLan.SupervisionTest.ViewModels.ViewModelMainOnline.<get_TurnSelectionChangedCommand>b__156_0 -    at System.Windows.Application.LoadComponent(Object component, Uri resourceLocator)
   at INV.Framework.LoadingPopup.View.PopupLoading.InitializeComponent() in D:\PROJECT\EDU-Lantest\TestPro-Client\Clients\INV.Framework.LoadingPopup\View\PopupLoading.xaml:line 1
   at INV.Framework.LoadingPopup.View.PopupLoading..ctor() in D:\PROJECT\EDU-Lantest\TestPro-Client\Clients\INV.Framework.LoadingPopup\View\PopupLoading.xaml.cs:line 21
   at PluginLan.SupervisionTest.ViewModels.BLLPlugin.ShowPopupLoading(PopupLoading& LoadingUC, Grid& gridPopup) in D:\InTest_OutSource\OutSource_InTest\LanTest\TestPro-Client\Clients\PluginLan.SupervisionTest\ViewModels\BLLPlugin.cs:line 458
   at PluginLan.SupervisionTest.ViewModels.ViewModelMainOnline.<get_TurnSelectionChangedCommand>b__156_0(Object p) in D:\InTest_OutSource\OutSource_InTest\LanTest\TestPro-Client\Clients\PluginLan.SupervisionTest\ViewModels\ViewModelMainOnline.cs:line 2643
2025-01-20 15:13:40,718 ERROR [1] PluginLan.SupervisionTest.ViewModels.ViewModelMainOnline.<get_TurnSelectionChangedCommand>b__156_0 - The component 'INV.Framework.LoadingPopup.View.PopupLoading' does not have a resource identified by the URI '/INV.Framework.LoadingPopup;component/view/popuploading.xaml'.
2025-01-20 15:13:40,719 ERROR [1] PluginLan.SupervisionTest.ViewModels.ViewModelMainOnline.<get_TurnSelectionChangedCommand>b__156_0 -    at System.Windows.Application.LoadComponent(Object component, Uri resourceLocator)
   at INV.Framework.LoadingPopup.View.PopupLoading.InitializeComponent() in D:\PROJECT\EDU-Lantest\TestPro-Client\Clients\INV.Framework.LoadingPopup\View\PopupLoading.xaml:line 1
   at INV.Framework.LoadingPopup.View.PopupLoading..ctor() in D:\PROJECT\EDU-Lantest\TestPro-Client\Clients\INV.Framework.LoadingPopup\View\PopupLoading.xaml.cs:line 21
   at PluginLan.SupervisionTest.ViewModels.BLLPlugin.ShowPopupLoading(PopupLoading& LoadingUC, Grid& gridPopup) in D:\InTest_OutSource\OutSource_InTest\LanTest\TestPro-Client\Clients\PluginLan.SupervisionTest\ViewModels\BLLPlugin.cs:line 458
   at PluginLan.SupervisionTest.ViewModels.ViewModelMainOnline.<get_TurnSelectionChangedCommand>b__156_0(Object p) in D:\InTest_OutSource\OutSource_InTest\LanTest\TestPro-Client\Clients\PluginLan.SupervisionTest\ViewModels\ViewModelMainOnline.cs:line 2643
2025-01-20 15:13:44,160 ERROR [1] PluginLan.SupervisionTest.ViewModels.ViewModelMainOnline.<get_TurnSelectionChangedCommand>b__156_0 - The component 'INV.Framework.LoadingPopup.View.PopupLoading' does not have a resource identified by the URI '/INV.Framework.LoadingPopup;component/view/popuploading.xaml'.
2025-01-20 15:13:44,161 ERROR [1] PluginLan.SupervisionTest.ViewModels.ViewModelMainOnline.<get_TurnSelectionChangedCommand>b__156_0 -    at System.Windows.Application.LoadComponent(Object component, Uri resourceLocator)
   at INV.Framework.LoadingPopup.View.PopupLoading.InitializeComponent() in D:\PROJECT\EDU-Lantest\TestPro-Client\Clients\INV.Framework.LoadingPopup\View\PopupLoading.xaml:line 1
   at INV.Framework.LoadingPopup.View.PopupLoading..ctor() in D:\PROJECT\EDU-Lantest\TestPro-Client\Clients\INV.Framework.LoadingPopup\View\PopupLoading.xaml.cs:line 21
   at PluginLan.SupervisionTest.ViewModels.BLLPlugin.ShowPopupLoading(PopupLoading& LoadingUC, Grid& gridPopup) in D:\InTest_OutSource\OutSource_InTest\LanTest\TestPro-Client\Clients\PluginLan.SupervisionTest\ViewModels\BLLPlugin.cs:line 458
   at PluginLan.SupervisionTest.ViewModels.ViewModelMainOnline.<get_TurnSelectionChangedCommand>b__156_0(Object p) in D:\InTest_OutSource\OutSource_InTest\LanTest\TestPro-Client\Clients\PluginLan.SupervisionTest\ViewModels\ViewModelMainOnline.cs:line 2643
2025-01-20 15:13:46,950 ERROR [1] PluginLan.SupervisionTest.ViewModels.ViewModelMainOnline.<get_TurnSelectionChangedCommand>b__156_0 - The component 'INV.Framework.LoadingPopup.View.PopupLoading' does not have a resource identified by the URI '/INV.Framework.LoadingPopup;component/view/popuploading.xaml'.
2025-01-20 15:13:46,951 ERROR [1] PluginLan.SupervisionTest.ViewModels.ViewModelMainOnline.<get_TurnSelectionChangedCommand>b__156_0 -    at System.Windows.Application.LoadComponent(Object component, Uri resourceLocator)
   at INV.Framework.LoadingPopup.View.PopupLoading.InitializeComponent() in D:\PROJECT\EDU-Lantest\TestPro-Client\Clients\INV.Framework.LoadingPopup\View\PopupLoading.xaml:line 1
   at INV.Framework.LoadingPopup.View.PopupLoading..ctor() in D:\PROJECT\EDU-Lantest\TestPro-Client\Clients\INV.Framework.LoadingPopup\View\PopupLoading.xaml.cs:line 21
   at PluginLan.SupervisionTest.ViewModels.BLLPlugin.ShowPopupLoading(PopupLoading& LoadingUC, Grid& gridPopup) in D:\InTest_OutSource\OutSource_InTest\LanTest\TestPro-Client\Clients\PluginLan.SupervisionTest\ViewModels\BLLPlugin.cs:line 458
   at PluginLan.SupervisionTest.ViewModels.ViewModelMainOnline.<get_TurnSelectionChangedCommand>b__156_0(Object p) in D:\InTest_OutSource\OutSource_InTest\LanTest\TestPro-Client\Clients\PluginLan.SupervisionTest\ViewModels\ViewModelMainOnline.cs:line 2643
2025-01-20 15:13:52,363 ERROR [1] PluginLan.SupervisionTest.ViewModels.ViewModelMainOnline.<get_TurnSelectionChangedCommand>b__156_0 - The component 'INV.Framework.LoadingPopup.View.PopupLoading' does not have a resource identified by the URI '/INV.Framework.LoadingPopup;component/view/popuploading.xaml'.
2025-01-20 15:13:52,364 ERROR [1] PluginLan.SupervisionTest.ViewModels.ViewModelMainOnline.<get_TurnSelectionChangedCommand>b__156_0 -    at System.Windows.Application.LoadComponent(Object component, Uri resourceLocator)
   at INV.Framework.LoadingPopup.View.PopupLoading.InitializeComponent() in D:\PROJECT\EDU-Lantest\TestPro-Client\Clients\INV.Framework.LoadingPopup\View\PopupLoading.xaml:line 1
   at INV.Framework.LoadingPopup.View.PopupLoading..ctor() in D:\PROJECT\EDU-Lantest\TestPro-Client\Clients\INV.Framework.LoadingPopup\View\PopupLoading.xaml.cs:line 21
   at PluginLan.SupervisionTest.ViewModels.BLLPlugin.ShowPopupLoading(PopupLoading& LoadingUC, Grid& gridPopup) in D:\InTest_OutSource\OutSource_InTest\LanTest\TestPro-Client\Clients\PluginLan.SupervisionTest\ViewModels\BLLPlugin.cs:line 458
   at PluginLan.SupervisionTest.ViewModels.ViewModelMainOnline.<get_TurnSelectionChangedCommand>b__156_0(Object p) in D:\InTest_OutSource\OutSource_InTest\LanTest\TestPro-Client\Clients\PluginLan.SupervisionTest\ViewModels\ViewModelMainOnline.cs:line 2643
2025-01-20 15:13:56,753 ERROR [1] PluginLan.SupervisionTest.ViewModels.ViewModelMainOnline.<get_TurnSelectionChangedCommand>b__156_0 - The component 'INV.Framework.LoadingPopup.View.PopupLoading' does not have a resource identified by the URI '/INV.Framework.LoadingPopup;component/view/popuploading.xaml'.
2025-01-20 15:13:56,753 ERROR [1] PluginLan.SupervisionTest.ViewModels.ViewModelMainOnline.<get_TurnSelectionChangedCommand>b__156_0 -    at System.Windows.Application.LoadComponent(Object component, Uri resourceLocator)
   at INV.Framework.LoadingPopup.View.PopupLoading.InitializeComponent() in D:\PROJECT\EDU-Lantest\TestPro-Client\Clients\INV.Framework.LoadingPopup\View\PopupLoading.xaml:line 1
   at INV.Framework.LoadingPopup.View.PopupLoading..ctor() in D:\PROJECT\EDU-Lantest\TestPro-Client\Clients\INV.Framework.LoadingPopup\View\PopupLoading.xaml.cs:line 21
   at PluginLan.SupervisionTest.ViewModels.BLLPlugin.ShowPopupLoading(PopupLoading& LoadingUC, Grid& gridPopup) in D:\InTest_OutSource\OutSource_InTest\LanTest\TestPro-Client\Clients\PluginLan.SupervisionTest\ViewModels\BLLPlugin.cs:line 458
   at PluginLan.SupervisionTest.ViewModels.ViewModelMainOnline.<get_TurnSelectionChangedCommand>b__156_0(Object p) in D:\InTest_OutSource\OutSource_InTest\LanTest\TestPro-Client\Clients\PluginLan.SupervisionTest\ViewModels\ViewModelMainOnline.cs:line 2643
2025-01-20 16:29:46,615 ERROR [1] PluginLan.SupervisionTest.ViewModels.ViewModelMainOnline.<get_TurnSelectionChangedCommand>b__156_0 - The component 'INV.Framework.LoadingPopup.View.PopupLoading' does not have a resource identified by the URI '/INV.Framework.LoadingPopup;component/view/popuploading.xaml'.
2025-01-20 16:29:46,647 ERROR [1] PluginLan.SupervisionTest.ViewModels.ViewModelMainOnline.<get_TurnSelectionChangedCommand>b__156_0 -    at System.Windows.Application.LoadComponent(Object component, Uri resourceLocator)
   at INV.Framework.LoadingPopup.View.PopupLoading.InitializeComponent() in D:\PROJECT\EDU-Lantest\TestPro-Client\Clients\INV.Framework.LoadingPopup\View\PopupLoading.xaml:line 1
   at INV.Framework.LoadingPopup.View.PopupLoading..ctor() in D:\PROJECT\EDU-Lantest\TestPro-Client\Clients\INV.Framework.LoadingPopup\View\PopupLoading.xaml.cs:line 21
   at PluginLan.SupervisionTest.ViewModels.BLLPlugin.ShowPopupLoading(PopupLoading& LoadingUC, Grid& gridPopup) in D:\InTest_OutSource\OutSource_InTest\LanTest\TestPro-Client\Clients\PluginLan.SupervisionTest\ViewModels\BLLPlugin.cs:line 458
   at PluginLan.SupervisionTest.ViewModels.ViewModelMainOnline.<get_TurnSelectionChangedCommand>b__156_0(Object p) in D:\InTest_OutSource\OutSource_InTest\LanTest\TestPro-Client\Clients\PluginLan.SupervisionTest\ViewModels\ViewModelMainOnline.cs:line 2643
2025-01-20 16:29:54,572 ERROR [1] PluginLan.SupervisionTest.ViewModels.ViewModelMainOnline.<get_TurnSelectionChangedCommand>b__156_0 - The component 'INV.Framework.LoadingPopup.View.PopupLoading' does not have a resource identified by the URI '/INV.Framework.LoadingPopup;component/view/popuploading.xaml'.
2025-01-20 16:29:54,573 ERROR [1] PluginLan.SupervisionTest.ViewModels.ViewModelMainOnline.<get_TurnSelectionChangedCommand>b__156_0 -    at System.Windows.Application.LoadComponent(Object component, Uri resourceLocator)
   at INV.Framework.LoadingPopup.View.PopupLoading.InitializeComponent() in D:\PROJECT\EDU-Lantest\TestPro-Client\Clients\INV.Framework.LoadingPopup\View\PopupLoading.xaml:line 1
   at INV.Framework.LoadingPopup.View.PopupLoading..ctor() in D:\PROJECT\EDU-Lantest\TestPro-Client\Clients\INV.Framework.LoadingPopup\View\PopupLoading.xaml.cs:line 21
   at PluginLan.SupervisionTest.ViewModels.BLLPlugin.ShowPopupLoading(PopupLoading& LoadingUC, Grid& gridPopup) in D:\InTest_OutSource\OutSource_InTest\LanTest\TestPro-Client\Clients\PluginLan.SupervisionTest\ViewModels\BLLPlugin.cs:line 458
   at PluginLan.SupervisionTest.ViewModels.ViewModelMainOnline.<get_TurnSelectionChangedCommand>b__156_0(Object p) in D:\InTest_OutSource\OutSource_InTest\LanTest\TestPro-Client\Clients\PluginLan.SupervisionTest\ViewModels\ViewModelMainOnline.cs:line 2643
2025-01-20 16:30:03,174 ERROR [1] PluginLan.SupervisionTest.ViewModels.ViewModelMainOnline.<get_TurnSelectionChangedCommand>b__156_0 - The component 'INV.Framework.LoadingPopup.View.PopupLoading' does not have a resource identified by the URI '/INV.Framework.LoadingPopup;component/view/popuploading.xaml'.
2025-01-20 16:30:03,175 ERROR [1] PluginLan.SupervisionTest.ViewModels.ViewModelMainOnline.<get_TurnSelectionChangedCommand>b__156_0 -    at System.Windows.Application.LoadComponent(Object component, Uri resourceLocator)
   at INV.Framework.LoadingPopup.View.PopupLoading.InitializeComponent() in D:\PROJECT\EDU-Lantest\TestPro-Client\Clients\INV.Framework.LoadingPopup\View\PopupLoading.xaml:line 1
   at INV.Framework.LoadingPopup.View.PopupLoading..ctor() in D:\PROJECT\EDU-Lantest\TestPro-Client\Clients\INV.Framework.LoadingPopup\View\PopupLoading.xaml.cs:line 21
   at PluginLan.SupervisionTest.ViewModels.BLLPlugin.ShowPopupLoading(PopupLoading& LoadingUC, Grid& gridPopup) in D:\InTest_OutSource\OutSource_InTest\LanTest\TestPro-Client\Clients\PluginLan.SupervisionTest\ViewModels\BLLPlugin.cs:line 458
   at PluginLan.SupervisionTest.ViewModels.ViewModelMainOnline.<get_TurnSelectionChangedCommand>b__156_0(Object p) in D:\InTest_OutSource\OutSource_InTest\LanTest\TestPro-Client\Clients\PluginLan.SupervisionTest\ViewModels\ViewModelMainOnline.cs:line 2643
2025-01-20 16:30:59,252 ERROR [1] PluginLan.SupervisionTest.ViewModels.ViewModelMainOnline.<get_TurnSelectionChangedCommand>b__156_0 - The component 'INV.Framework.LoadingPopup.View.PopupLoading' does not have a resource identified by the URI '/INV.Framework.LoadingPopup;component/view/popuploading.xaml'.
2025-01-20 16:30:59,253 ERROR [1] PluginLan.SupervisionTest.ViewModels.ViewModelMainOnline.<get_TurnSelectionChangedCommand>b__156_0 -    at System.Windows.Application.LoadComponent(Object component, Uri resourceLocator)
   at INV.Framework.LoadingPopup.View.PopupLoading.InitializeComponent() in D:\PROJECT\EDU-Lantest\TestPro-Client\Clients\INV.Framework.LoadingPopup\View\PopupLoading.xaml:line 1
   at INV.Framework.LoadingPopup.View.PopupLoading..ctor() in D:\PROJECT\EDU-Lantest\TestPro-Client\Clients\INV.Framework.LoadingPopup\View\PopupLoading.xaml.cs:line 21
   at PluginLan.SupervisionTest.ViewModels.BLLPlugin.ShowPopupLoading(PopupLoading& LoadingUC, Grid& gridPopup) in D:\InTest_OutSource\OutSource_InTest\LanTest\TestPro-Client\Clients\PluginLan.SupervisionTest\ViewModels\BLLPlugin.cs:line 458
   at PluginLan.SupervisionTest.ViewModels.ViewModelMainOnline.<get_TurnSelectionChangedCommand>b__156_0(Object p) in D:\InTest_OutSource\OutSource_InTest\LanTest\TestPro-Client\Clients\PluginLan.SupervisionTest\ViewModels\ViewModelMainOnline.cs:line 2643
2025-01-20 16:31:29,173 ERROR [1] PluginLan.SupervisionTest.ViewModels.ViewModelMainOnline.<get_TurnSelectionChangedCommand>b__156_0 - The component 'INV.Framework.LoadingPopup.View.PopupLoading' does not have a resource identified by the URI '/INV.Framework.LoadingPopup;component/view/popuploading.xaml'.
2025-01-20 16:31:29,174 ERROR [1] PluginLan.SupervisionTest.ViewModels.ViewModelMainOnline.<get_TurnSelectionChangedCommand>b__156_0 -    at System.Windows.Application.LoadComponent(Object component, Uri resourceLocator)
   at INV.Framework.LoadingPopup.View.PopupLoading.InitializeComponent() in D:\PROJECT\EDU-Lantest\TestPro-Client\Clients\INV.Framework.LoadingPopup\View\PopupLoading.xaml:line 1
   at INV.Framework.LoadingPopup.View.PopupLoading..ctor() in D:\PROJECT\EDU-Lantest\TestPro-Client\Clients\INV.Framework.LoadingPopup\View\PopupLoading.xaml.cs:line 21
   at PluginLan.SupervisionTest.ViewModels.BLLPlugin.ShowPopupLoading(PopupLoading& LoadingUC, Grid& gridPopup) in D:\InTest_OutSource\OutSource_InTest\LanTest\TestPro-Client\Clients\PluginLan.SupervisionTest\ViewModels\BLLPlugin.cs:line 458
   at PluginLan.SupervisionTest.ViewModels.ViewModelMainOnline.<get_TurnSelectionChangedCommand>b__156_0(Object p) in D:\InTest_OutSource\OutSource_InTest\LanTest\TestPro-Client\Clients\PluginLan.SupervisionTest\ViewModels\ViewModelMainOnline.cs:line 2643
2025-01-20 16:31:57,514 ERROR [1] PluginLan.SupervisionTest.ViewModels.ViewModelMainOnline.<get_TurnSelectionChangedCommand>b__156_0 - The component 'INV.Framework.LoadingPopup.View.PopupLoading' does not have a resource identified by the URI '/INV.Framework.LoadingPopup;component/view/popuploading.xaml'.
2025-01-20 16:31:57,515 ERROR [1] PluginLan.SupervisionTest.ViewModels.ViewModelMainOnline.<get_TurnSelectionChangedCommand>b__156_0 -    at System.Windows.Application.LoadComponent(Object component, Uri resourceLocator)
   at INV.Framework.LoadingPopup.View.PopupLoading.InitializeComponent() in D:\PROJECT\EDU-Lantest\TestPro-Client\Clients\INV.Framework.LoadingPopup\View\PopupLoading.xaml:line 1
   at INV.Framework.LoadingPopup.View.PopupLoading..ctor() in D:\PROJECT\EDU-Lantest\TestPro-Client\Clients\INV.Framework.LoadingPopup\View\PopupLoading.xaml.cs:line 21
   at PluginLan.SupervisionTest.ViewModels.BLLPlugin.ShowPopupLoading(PopupLoading& LoadingUC, Grid& gridPopup) in D:\InTest_OutSource\OutSource_InTest\LanTest\TestPro-Client\Clients\PluginLan.SupervisionTest\ViewModels\BLLPlugin.cs:line 458
   at PluginLan.SupervisionTest.ViewModels.ViewModelMainOnline.<get_TurnSelectionChangedCommand>b__156_0(Object p) in D:\InTest_OutSource\OutSource_InTest\LanTest\TestPro-Client\Clients\PluginLan.SupervisionTest\ViewModels\ViewModelMainOnline.cs:line 2643
2025-01-20 16:32:26,183 ERROR [1] PluginLan.SupervisionTest.ViewModels.ViewModelMainOnline.<get_TurnSelectionChangedCommand>b__156_0 - The component 'INV.Framework.LoadingPopup.View.PopupLoading' does not have a resource identified by the URI '/INV.Framework.LoadingPopup;component/view/popuploading.xaml'.
2025-01-20 16:32:26,184 ERROR [1] PluginLan.SupervisionTest.ViewModels.ViewModelMainOnline.<get_TurnSelectionChangedCommand>b__156_0 -    at System.Windows.Application.LoadComponent(Object component, Uri resourceLocator)
   at INV.Framework.LoadingPopup.View.PopupLoading.InitializeComponent() in D:\PROJECT\EDU-Lantest\TestPro-Client\Clients\INV.Framework.LoadingPopup\View\PopupLoading.xaml:line 1
   at INV.Framework.LoadingPopup.View.PopupLoading..ctor() in D:\PROJECT\EDU-Lantest\TestPro-Client\Clients\INV.Framework.LoadingPopup\View\PopupLoading.xaml.cs:line 21
   at PluginLan.SupervisionTest.ViewModels.BLLPlugin.ShowPopupLoading(PopupLoading& LoadingUC, Grid& gridPopup) in D:\InTest_OutSource\OutSource_InTest\LanTest\TestPro-Client\Clients\PluginLan.SupervisionTest\ViewModels\BLLPlugin.cs:line 458
   at PluginLan.SupervisionTest.ViewModels.ViewModelMainOnline.<get_TurnSelectionChangedCommand>b__156_0(Object p) in D:\InTest_OutSource\OutSource_InTest\LanTest\TestPro-Client\Clients\PluginLan.SupervisionTest\ViewModels\ViewModelMainOnline.cs:line 2643
2025-01-20 16:36:57,518 ERROR [1] PluginLan.SupervisionTest.ViewModels.ViewModelMainOnline.<get_TurnSelectionChangedCommand>b__156_0 - The component 'INV.Framework.LoadingPopup.View.PopupLoading' does not have a resource identified by the URI '/INV.Framework.LoadingPopup;component/view/popuploading.xaml'.
2025-01-20 16:36:57,537 ERROR [1] PluginLan.SupervisionTest.ViewModels.ViewModelMainOnline.<get_TurnSelectionChangedCommand>b__156_0 -    at System.Windows.Application.LoadComponent(Object component, Uri resourceLocator)
   at INV.Framework.LoadingPopup.View.PopupLoading.InitializeComponent() in D:\PROJECT\EDU-Lantest\TestPro-Client\Clients\INV.Framework.LoadingPopup\View\PopupLoading.xaml:line 1
   at INV.Framework.LoadingPopup.View.PopupLoading..ctor() in D:\PROJECT\EDU-Lantest\TestPro-Client\Clients\INV.Framework.LoadingPopup\View\PopupLoading.xaml.cs:line 21
   at PluginLan.SupervisionTest.ViewModels.BLLPlugin.ShowPopupLoading(PopupLoading& LoadingUC, Grid& gridPopup) in D:\InTest_OutSource\OutSource_InTest\LanTest\TestPro-Client\Clients\PluginLan.SupervisionTest\ViewModels\BLLPlugin.cs:line 458
   at PluginLan.SupervisionTest.ViewModels.ViewModelMainOnline.<get_TurnSelectionChangedCommand>b__156_0(Object p) in D:\InTest_OutSource\OutSource_InTest\LanTest\TestPro-Client\Clients\PluginLan.SupervisionTest\ViewModels\ViewModelMainOnline.cs:line 2646
2025-01-20 16:42:02,585 ERROR [1] PluginLan.SupervisionTest.ViewModels.ViewModelMainOnline.<get_TurnSelectionChangedCommand>b__156_0 - The component 'INV.Framework.LoadingPopup.View.PopupLoading' does not have a resource identified by the URI '/INV.Framework.LoadingPopup;component/view/popuploading.xaml'.
2025-01-20 16:42:02,601 ERROR [1] PluginLan.SupervisionTest.ViewModels.ViewModelMainOnline.<get_TurnSelectionChangedCommand>b__156_0 -    at System.Windows.Application.LoadComponent(Object component, Uri resourceLocator)
   at INV.Framework.LoadingPopup.View.PopupLoading.InitializeComponent() in D:\PROJECT\EDU-Lantest\TestPro-Client\Clients\INV.Framework.LoadingPopup\View\PopupLoading.xaml:line 1
   at INV.Framework.LoadingPopup.View.PopupLoading..ctor() in D:\PROJECT\EDU-Lantest\TestPro-Client\Clients\INV.Framework.LoadingPopup\View\PopupLoading.xaml.cs:line 21
   at PluginLan.SupervisionTest.ViewModels.ViewModelMainOnline.<get_TurnSelectionChangedCommand>b__156_0(Object p) in D:\InTest_OutSource\OutSource_InTest\LanTest\TestPro-Client\Clients\PluginLan.SupervisionTest\ViewModels\ViewModelMainOnline.cs:line 2646
2025-01-20 16:46:12,997 ERROR [1] PluginLan.SupervisionTest.ViewModels.ViewModelMainOnline.<get_TurnSelectionChangedCommand>b__156_0 - The component 'INV.Framework.LoadingPopup.View.PopupLoading' does not have a resource identified by the URI '/INV.Framework.LoadingPopup;component/view/popuploading.xaml'.
2025-01-20 16:46:13,013 ERROR [1] PluginLan.SupervisionTest.ViewModels.ViewModelMainOnline.<get_TurnSelectionChangedCommand>b__156_0 -    at System.Windows.Application.LoadComponent(Object component, Uri resourceLocator)
   at INV.Framework.LoadingPopup.View.PopupLoading.InitializeComponent() in D:\PROJECT\EDU-Lantest\TestPro-Client\Clients\INV.Framework.LoadingPopup\View\PopupLoading.xaml:line 1
   at INV.Framework.LoadingPopup.View.PopupLoading..ctor() in D:\PROJECT\EDU-Lantest\TestPro-Client\Clients\INV.Framework.LoadingPopup\View\PopupLoading.xaml.cs:line 21
   at PluginLan.SupervisionTest.ViewModels.ViewModelMainOnline.<get_TurnSelectionChangedCommand>b__156_0(Object p) in D:\InTest_OutSource\OutSource_InTest\LanTest\TestPro-Client\Clients\PluginLan.SupervisionTest\ViewModels\ViewModelMainOnline.cs:line 2646
2025-01-20 16:50:23,507 ERROR [1] PluginLan.SupervisionTest.ViewModels.ViewModelMainOnline.<get_TurnSelectionChangedCommand>b__156_0 - The component 'INV.Framework.LoadingPopup.View.PopupLoading' does not have a resource identified by the URI '/INV.Framework.LoadingPopup;component/view/popuploading.xaml'.
2025-01-20 16:50:23,534 ERROR [1] PluginLan.SupervisionTest.ViewModels.ViewModelMainOnline.<get_TurnSelectionChangedCommand>b__156_0 -    at System.Windows.Application.LoadComponent(Object component, Uri resourceLocator)
   at INV.Framework.LoadingPopup.View.PopupLoading.InitializeComponent() in D:\PROJECT\EDU-Lantest\TestPro-Client\Clients\INV.Framework.LoadingPopup\View\PopupLoading.xaml:line 1
   at INV.Framework.LoadingPopup.View.PopupLoading..ctor() in D:\PROJECT\EDU-Lantest\TestPro-Client\Clients\INV.Framework.LoadingPopup\View\PopupLoading.xaml.cs:line 21
   at PluginLan.SupervisionTest.ViewModels.ViewModelMainOnline.<get_TurnSelectionChangedCommand>b__156_0(Object p) in D:\InTest_OutSource\OutSource_InTest\LanTest\TestPro-Client\Clients\PluginLan.SupervisionTest\ViewModels\ViewModelMainOnline.cs:line 2646
