2024-09-02 21:06:05,106 ERROR [1] Plugin.Examination.ViewModels.TestTemplateDetail_ViewModel.LoadData - Could not find a part of the path 'E:\OS\test_pro\src_git_hub\OutSource_InTest\LanTest\TestPro-Client\Publics\Tes\PlugIns\Template\template_0.dll'.
2024-09-02 21:06:38,755 ERROR [1] Plugin.Examination.ViewModels.ExportExam_ViewModel.ShowAllQuestionCommand_RunWorkerCompleted - Could not find a part of the path 'E:\OS\test_pro\src_git_hub\OutSource_InTest\LanTest\TestPro-Client\Publics\Tes\PlugIns\Template\template_0.dll'.
2024-09-02 21:06:38,779 ERROR [1] Plugin.Examination.ViewModels.ExportExam_ViewModel.ShowAllQuestionCommand_RunWorkerCompleted -    at System.IO.__Error.WinIOError(Int32 errorCode, String maybeFullPath)
   at System.IO.FileStream.Init(String path, FileMode mode, FileAccess access, Int32 rights, Boolean useRights, FileShare share, Int32 bufferSize, FileOptions options, SECURITY_ATTRIBUTES secAttrs, String msgPath, Boolean bFromProxy, Boolean useLongPath, Boolean checkHost)
   at System.IO.FileStream..ctor(String path, FileMode mode, FileAccess access, FileShare share)
   at System.IO.File.OpenRead(String path)
   at QuestionView.Shares.ProcessTitleDoc.WriteTitleForDoc(String code, Dictionary`2 dicCongfig, Document doc, Boolean test) in E:\OS\test_pro\src_git_hub\OutSource_InTest\LanTest\TestPro-Client\Clients\QuestionView\Shares\ProcessTitleDoc.cs:line 73
   at QuestionView.Public.ShowDataInHtml.GetDocumentPreviewPageTest(List`1 lstGroup, List`1 lstQuestions, List`1 lstSubquestion, List`1 lstMix, Int32 code, List`1 lstDiems, Dictionary`2& dicCongfig, List`1 lstQuestionNotShowSub, List`1 lstQuestionShowSubY, String path, Int32 oder, Boolean checkPrintFile) in E:\OS\test_pro\src_git_hub\OutSource_InTest\LanTest\TestPro-Client\Clients\QuestionView\Public\ShowDataInHtml.cs:line 811
   at Plugin.Examination.ViewModels.ExportExam_ViewModel.ShowAllQuestionCommand_Method() in E:\OS\test_pro\src_git_hub\OutSource_InTest\LanTest\TestPro-Client\Clients\Plugin.Examination\ViewModels\ExportExam_ViewModel.cs:line 1984
   at Plugin.Examination.ViewModels.ExportExam_ViewModel.ShowAllQuestionCommand_RunWorkerCompleted(Object arg1, RunWorkerCompletedEventArgs e) in E:\OS\test_pro\src_git_hub\OutSource_InTest\LanTest\TestPro-Client\Clients\Plugin.Examination\ViewModels\ExportExam_ViewModel.cs:line 2029
2024-09-02 21:42:22,139 ERROR [1] Plugin.Examination.ViewModels.ExportExam_ViewModel.ShowAllQuestionCommand_RunWorkerCompleted - Could not find a part of the path 'E:\OS\test_pro\src_git_hub\OutSource_InTest\LanTest\TestPro-Client\Publics\Tes\PlugIns\Template\template_0.dll'.
2024-09-02 21:42:22,143 ERROR [1] Plugin.Examination.ViewModels.ExportExam_ViewModel.ShowAllQuestionCommand_RunWorkerCompleted -    at System.IO.__Error.WinIOError(Int32 errorCode, String maybeFullPath)
   at System.IO.FileStream.Init(String path, FileMode mode, FileAccess access, Int32 rights, Boolean useRights, FileShare share, Int32 bufferSize, FileOptions options, SECURITY_ATTRIBUTES secAttrs, String msgPath, Boolean bFromProxy, Boolean useLongPath, Boolean checkHost)
   at System.IO.FileStream..ctor(String path, FileMode mode, FileAccess access, FileShare share)
   at System.IO.File.OpenRead(String path)
   at QuestionView.Shares.ProcessTitleDoc.WriteTitleForDoc(String code, Dictionary`2 dicCongfig, Document doc, Boolean test) in E:\OS\test_pro\src_git_hub\OutSource_InTest\LanTest\TestPro-Client\Clients\QuestionView\Shares\ProcessTitleDoc.cs:line 73
   at QuestionView.Public.ShowDataInHtml.GetDocumentPreviewPageTest(List`1 lstGroup, List`1 lstQuestions, List`1 lstSubquestion, List`1 lstMix, Int32 code, List`1 lstDiems, Dictionary`2& dicCongfig, List`1 lstQuestionNotShowSub, List`1 lstQuestionShowSubY, String path, Int32 oder, Boolean checkPrintFile) in E:\OS\test_pro\src_git_hub\OutSource_InTest\LanTest\TestPro-Client\Clients\QuestionView\Public\ShowDataInHtml.cs:line 811
   at Plugin.Examination.ViewModels.ExportExam_ViewModel.ShowAllQuestionCommand_Method() in E:\OS\test_pro\src_git_hub\OutSource_InTest\LanTest\TestPro-Client\Clients\Plugin.Examination\ViewModels\ExportExam_ViewModel.cs:line 1984
   at Plugin.Examination.ViewModels.ExportExam_ViewModel.ShowAllQuestionCommand_RunWorkerCompleted(Object arg1, RunWorkerCompletedEventArgs e) in E:\OS\test_pro\src_git_hub\OutSource_InTest\LanTest\TestPro-Client\Clients\Plugin.Examination\ViewModels\ExportExam_ViewModel.cs:line 2029
2024-09-02 21:52:30,032 ERROR [1] Plugin.Examination.ViewModels.ExportExam_ViewModel.ShowAllQuestionCommand_RunWorkerCompleted - Could not find a part of the path 'E:\OS\test_pro\src_git_hub\OutSource_InTest\LanTest\TestPro-Client\Publics\Tes\PlugIns\Template\template_0.dll'.
2024-09-02 21:52:30,084 ERROR [1] Plugin.Examination.ViewModels.ExportExam_ViewModel.ShowAllQuestionCommand_RunWorkerCompleted -    at System.IO.__Error.WinIOError(Int32 errorCode, String maybeFullPath)
   at System.IO.FileStream.Init(String path, FileMode mode, FileAccess access, Int32 rights, Boolean useRights, FileShare share, Int32 bufferSize, FileOptions options, SECURITY_ATTRIBUTES secAttrs, String msgPath, Boolean bFromProxy, Boolean useLongPath, Boolean checkHost)
   at System.IO.FileStream..ctor(String path, FileMode mode, FileAccess access, FileShare share)
   at System.IO.File.OpenRead(String path)
   at QuestionView.Shares.ProcessTitleDoc.WriteTitleForDoc(String code, Dictionary`2 dicCongfig, Document doc, Boolean test) in E:\OS\test_pro\src_git_hub\OutSource_InTest\LanTest\TestPro-Client\Clients\QuestionView\Shares\ProcessTitleDoc.cs:line 73
   at QuestionView.Public.ShowDataInHtml.GetDocumentPreviewPageTest(List`1 lstGroup, List`1 lstQuestions, List`1 lstSubquestion, List`1 lstMix, Int32 code, List`1 lstDiems, Dictionary`2& dicCongfig, List`1 lstQuestionNotShowSub, List`1 lstQuestionShowSubY, String path, Int32 oder, Boolean checkPrintFile) in E:\OS\test_pro\src_git_hub\OutSource_InTest\LanTest\TestPro-Client\Clients\QuestionView\Public\ShowDataInHtml.cs:line 811
   at Plugin.Examination.ViewModels.ExportExam_ViewModel.ShowAllQuestionCommand_Method() in E:\OS\test_pro\src_git_hub\OutSource_InTest\LanTest\TestPro-Client\Clients\Plugin.Examination\ViewModels\ExportExam_ViewModel.cs:line 1984
   at Plugin.Examination.ViewModels.ExportExam_ViewModel.ShowAllQuestionCommand_RunWorkerCompleted(Object arg1, RunWorkerCompletedEventArgs e) in E:\OS\test_pro\src_git_hub\OutSource_InTest\LanTest\TestPro-Client\Clients\Plugin.Examination\ViewModels\ExportExam_ViewModel.cs:line 2029
2024-09-02 22:24:24,368 ERROR [1] Plugin.Examination.ViewModels.GetQuestionRandom_ViewModel.<get_LevelSelectionChangedCommand>b__128_0 - Object reference not set to an instance of an object.
2024-09-02 22:24:24,416 ERROR [1] Plugin.Examination.ViewModels.GetQuestionRandom_ViewModel.<get_LevelSelectionChangedCommand>b__128_0 -    at Plugin.Examination.ViewModels.GetQuestionRandom_ViewModel.<get_LevelSelectionChangedCommand>b__128_0(Object p) in E:\OS\test_pro\src_git_hub\OutSource_InTest\LanTest\TestPro-Client\Clients\Plugin.Examination\ViewModels\GetQuestionRandom_ViewModel.cs:line 2898
2024-09-02 22:25:10,145 ERROR [1] Plugin.Examination.ViewModels.GetQuestionRandom_ViewModel.<get_LevelSelectionChangedCommand>b__128_0 - Object reference not set to an instance of an object.
2024-09-02 22:25:10,146 ERROR [1] Plugin.Examination.ViewModels.GetQuestionRandom_ViewModel.<get_LevelSelectionChangedCommand>b__128_0 -    at Plugin.Examination.ViewModels.GetQuestionRandom_ViewModel.<get_LevelSelectionChangedCommand>b__128_0(Object p) in E:\OS\test_pro\src_git_hub\OutSource_InTest\LanTest\TestPro-Client\Clients\Plugin.Examination\ViewModels\GetQuestionRandom_ViewModel.cs:line 2898
2024-09-02 22:26:57,397 ERROR [1] Plugin.Examination.ViewModels.GetQuestionRandom_ViewModel.<get_LevelSelectionChangedCommand>b__128_0 - Object reference not set to an instance of an object.
2024-09-02 22:26:57,398 ERROR [1] Plugin.Examination.ViewModels.GetQuestionRandom_ViewModel.<get_LevelSelectionChangedCommand>b__128_0 -    at Plugin.Examination.ViewModels.GetQuestionRandom_ViewModel.<get_LevelSelectionChangedCommand>b__128_0(Object p) in E:\OS\test_pro\src_git_hub\OutSource_InTest\LanTest\TestPro-Client\Clients\Plugin.Examination\ViewModels\GetQuestionRandom_ViewModel.cs:line 2898
2024-09-02 22:28:55,307 ERROR [1] Plugin.Examination.ViewModels.GetQuestionRandom_ViewModel.<get_LevelSelectionChangedCommand>b__128_0 - Object reference not set to an instance of an object.
2024-09-02 22:28:55,309 ERROR [1] Plugin.Examination.ViewModels.GetQuestionRandom_ViewModel.<get_LevelSelectionChangedCommand>b__128_0 -    at Plugin.Examination.ViewModels.GetQuestionRandom_ViewModel.<get_LevelSelectionChangedCommand>b__128_0(Object p) in E:\OS\test_pro\src_git_hub\OutSource_InTest\LanTest\TestPro-Client\Clients\Plugin.Examination\ViewModels\GetQuestionRandom_ViewModel.cs:line 2898
2024-09-02 22:30:50,671 ERROR [1] Plugin.Examination.ViewModels.GetQuestionRandom_ViewModel.<get_LevelSelectionChangedCommand>b__128_0 - Object reference not set to an instance of an object.
2024-09-02 22:30:50,672 ERROR [1] Plugin.Examination.ViewModels.GetQuestionRandom_ViewModel.<get_LevelSelectionChangedCommand>b__128_0 -    at Plugin.Examination.ViewModels.GetQuestionRandom_ViewModel.<get_LevelSelectionChangedCommand>b__128_0(Object p) in E:\OS\test_pro\src_git_hub\OutSource_InTest\LanTest\TestPro-Client\Clients\Plugin.Examination\ViewModels\GetQuestionRandom_ViewModel.cs:line 2898
2024-09-02 22:39:31,385 ERROR [1] Plugin.Examination.ViewModels.GetQuestionRandom_ViewModel.GetQuestionCommand_RunWorkerCompleted - The given key was not present in the dictionary.
2024-09-02 22:39:31,419 ERROR [1] Plugin.Examination.ViewModels.GetQuestionRandom_ViewModel.GetQuestionCommand_RunWorkerCompleted -    at System.Collections.Generic.Dictionary`2.get_Item(TKey key)
   at Plugin.Examination.ViewModels.GetQuestionRandom_ViewModel.CheckCountQuestionByMatrix(Int32 thesisId, String str, Int32 lever, String type, List`1 quesedit, Int32 idGroupSelected) in E:\OS\test_pro\src_git_hub\OutSource_InTest\LanTest\TestPro-Client\Clients\Plugin.Examination\ViewModels\GetQuestionRandom_ViewModel.cs:line 805
   at Plugin.Examination.ViewModels.GetQuestionRandom_ViewModel.GetQuestionCommand_Method() in E:\OS\test_pro\src_git_hub\OutSource_InTest\LanTest\TestPro-Client\Clients\Plugin.Examination\ViewModels\GetQuestionRandom_ViewModel.cs:line 1841
   at Plugin.Examination.ViewModels.GetQuestionRandom_ViewModel.GetQuestionCommand_RunWorkerCompleted(Object arg1, RunWorkerCompletedEventArgs e) in E:\OS\test_pro\src_git_hub\OutSource_InTest\LanTest\TestPro-Client\Clients\Plugin.Examination\ViewModels\GetQuestionRandom_ViewModel.cs:line 2344
2024-09-02 22:39:36,595 ERROR [1] Plugin.Examination.ViewModels.GetQuestionRandom_ViewModel.GetQuestionCommand_RunWorkerCompleted - The given key was not present in the dictionary.
2024-09-02 22:39:36,595 ERROR [1] Plugin.Examination.ViewModels.GetQuestionRandom_ViewModel.GetQuestionCommand_RunWorkerCompleted -    at System.Collections.Generic.Dictionary`2.get_Item(TKey key)
   at Plugin.Examination.ViewModels.GetQuestionRandom_ViewModel.CheckCountQuestionByMatrix(Int32 thesisId, String str, Int32 lever, String type, List`1 quesedit, Int32 idGroupSelected) in E:\OS\test_pro\src_git_hub\OutSource_InTest\LanTest\TestPro-Client\Clients\Plugin.Examination\ViewModels\GetQuestionRandom_ViewModel.cs:line 805
   at Plugin.Examination.ViewModels.GetQuestionRandom_ViewModel.GetQuestionCommand_Method() in E:\OS\test_pro\src_git_hub\OutSource_InTest\LanTest\TestPro-Client\Clients\Plugin.Examination\ViewModels\GetQuestionRandom_ViewModel.cs:line 1841
   at Plugin.Examination.ViewModels.GetQuestionRandom_ViewModel.GetQuestionCommand_RunWorkerCompleted(Object arg1, RunWorkerCompletedEventArgs e) in E:\OS\test_pro\src_git_hub\OutSource_InTest\LanTest\TestPro-Client\Clients\Plugin.Examination\ViewModels\GetQuestionRandom_ViewModel.cs:line 2344
2024-09-02 22:40:10,995 ERROR [1] Plugin.Examination.ViewModels.GetQuestionRandom_ViewModel.GetQuestionCommand_RunWorkerCompleted - The given key was not present in the dictionary.
2024-09-02 22:40:10,998 ERROR [1] Plugin.Examination.ViewModels.GetQuestionRandom_ViewModel.GetQuestionCommand_RunWorkerCompleted -    at System.Collections.Generic.Dictionary`2.get_Item(TKey key)
   at Plugin.Examination.ViewModels.GetQuestionRandom_ViewModel.CheckCountQuestionByMatrix(Int32 thesisId, String str, Int32 lever, String type, List`1 quesedit, Int32 idGroupSelected) in E:\OS\test_pro\src_git_hub\OutSource_InTest\LanTest\TestPro-Client\Clients\Plugin.Examination\ViewModels\GetQuestionRandom_ViewModel.cs:line 805
   at Plugin.Examination.ViewModels.GetQuestionRandom_ViewModel.GetQuestionCommand_Method() in E:\OS\test_pro\src_git_hub\OutSource_InTest\LanTest\TestPro-Client\Clients\Plugin.Examination\ViewModels\GetQuestionRandom_ViewModel.cs:line 1841
   at Plugin.Examination.ViewModels.GetQuestionRandom_ViewModel.GetQuestionCommand_RunWorkerCompleted(Object arg1, RunWorkerCompletedEventArgs e) in E:\OS\test_pro\src_git_hub\OutSource_InTest\LanTest\TestPro-Client\Clients\Plugin.Examination\ViewModels\GetQuestionRandom_ViewModel.cs:line 2344
2024-09-02 22:41:34,436 ERROR [1] Plugin.Examination.ViewModels.GetQuestionRandom_ViewModel.GetQuestionCommand_RunWorkerCompleted - The given key was not present in the dictionary.
2024-09-02 22:41:34,437 ERROR [1] Plugin.Examination.ViewModels.GetQuestionRandom_ViewModel.GetQuestionCommand_RunWorkerCompleted -    at System.Collections.Generic.Dictionary`2.get_Item(TKey key)
   at Plugin.Examination.ViewModels.GetQuestionRandom_ViewModel.CheckCountQuestionByMatrix(Int32 thesisId, String str, Int32 lever, String type, List`1 quesedit, Int32 idGroupSelected) in E:\OS\test_pro\src_git_hub\OutSource_InTest\LanTest\TestPro-Client\Clients\Plugin.Examination\ViewModels\GetQuestionRandom_ViewModel.cs:line 805
   at Plugin.Examination.ViewModels.GetQuestionRandom_ViewModel.GetQuestionCommand_Method() in E:\OS\test_pro\src_git_hub\OutSource_InTest\LanTest\TestPro-Client\Clients\Plugin.Examination\ViewModels\GetQuestionRandom_ViewModel.cs:line 1841
   at Plugin.Examination.ViewModels.GetQuestionRandom_ViewModel.GetQuestionCommand_RunWorkerCompleted(Object arg1, RunWorkerCompletedEventArgs e) in E:\OS\test_pro\src_git_hub\OutSource_InTest\LanTest\TestPro-Client\Clients\Plugin.Examination\ViewModels\GetQuestionRandom_ViewModel.cs:line 2344
2024-09-02 22:42:42,888 ERROR [1] Plugin.Examination.ViewModels.GetQuestionRandom_ViewModel.GetQuestionCommand_RunWorkerCompleted - The given key was not present in the dictionary.
2024-09-02 22:42:42,888 ERROR [1] Plugin.Examination.ViewModels.GetQuestionRandom_ViewModel.GetQuestionCommand_RunWorkerCompleted -    at System.Collections.Generic.Dictionary`2.get_Item(TKey key)
   at Plugin.Examination.ViewModels.GetQuestionRandom_ViewModel.CheckCountQuestionByMatrix(Int32 thesisId, String str, Int32 lever, String type, List`1 quesedit, Int32 idGroupSelected) in E:\OS\test_pro\src_git_hub\OutSource_InTest\LanTest\TestPro-Client\Clients\Plugin.Examination\ViewModels\GetQuestionRandom_ViewModel.cs:line 805
   at Plugin.Examination.ViewModels.GetQuestionRandom_ViewModel.GetQuestionCommand_Method() in E:\OS\test_pro\src_git_hub\OutSource_InTest\LanTest\TestPro-Client\Clients\Plugin.Examination\ViewModels\GetQuestionRandom_ViewModel.cs:line 1841
   at Plugin.Examination.ViewModels.GetQuestionRandom_ViewModel.GetQuestionCommand_RunWorkerCompleted(Object arg1, RunWorkerCompletedEventArgs e) in E:\OS\test_pro\src_git_hub\OutSource_InTest\LanTest\TestPro-Client\Clients\Plugin.Examination\ViewModels\GetQuestionRandom_ViewModel.cs:line 2344
2024-09-02 22:42:51,618 ERROR [1] Plugin.Examination.ViewModels.GetQuestionRandom_ViewModel.GetQuestionCommand_RunWorkerCompleted - The given key was not present in the dictionary.
2024-09-02 22:42:51,623 ERROR [1] Plugin.Examination.ViewModels.GetQuestionRandom_ViewModel.GetQuestionCommand_RunWorkerCompleted -    at System.Collections.Generic.Dictionary`2.get_Item(TKey key)
   at Plugin.Examination.ViewModels.GetQuestionRandom_ViewModel.CheckCountQuestionByMatrix(Int32 thesisId, String str, Int32 lever, String type, List`1 quesedit, Int32 idGroupSelected) in E:\OS\test_pro\src_git_hub\OutSource_InTest\LanTest\TestPro-Client\Clients\Plugin.Examination\ViewModels\GetQuestionRandom_ViewModel.cs:line 805
   at Plugin.Examination.ViewModels.GetQuestionRandom_ViewModel.GetQuestionCommand_Method() in E:\OS\test_pro\src_git_hub\OutSource_InTest\LanTest\TestPro-Client\Clients\Plugin.Examination\ViewModels\GetQuestionRandom_ViewModel.cs:line 1841
   at Plugin.Examination.ViewModels.GetQuestionRandom_ViewModel.GetQuestionCommand_RunWorkerCompleted(Object arg1, RunWorkerCompletedEventArgs e) in E:\OS\test_pro\src_git_hub\OutSource_InTest\LanTest\TestPro-Client\Clients\Plugin.Examination\ViewModels\GetQuestionRandom_ViewModel.cs:line 2344
2024-09-02 22:44:00,912 ERROR [1] Plugin.Examination.ViewModels.GetQuestionRandom_ViewModel.GetQuestionCommand_RunWorkerCompleted - The given key was not present in the dictionary.
2024-09-02 22:44:00,912 ERROR [1] Plugin.Examination.ViewModels.GetQuestionRandom_ViewModel.GetQuestionCommand_RunWorkerCompleted -    at System.Collections.Generic.Dictionary`2.get_Item(TKey key)
   at Plugin.Examination.ViewModels.GetQuestionRandom_ViewModel.CheckCountQuestionByMatrix(Int32 thesisId, String str, Int32 lever, String type, List`1 quesedit, Int32 idGroupSelected) in E:\OS\test_pro\src_git_hub\OutSource_InTest\LanTest\TestPro-Client\Clients\Plugin.Examination\ViewModels\GetQuestionRandom_ViewModel.cs:line 805
   at Plugin.Examination.ViewModels.GetQuestionRandom_ViewModel.GetQuestionCommand_Method() in E:\OS\test_pro\src_git_hub\OutSource_InTest\LanTest\TestPro-Client\Clients\Plugin.Examination\ViewModels\GetQuestionRandom_ViewModel.cs:line 1841
   at Plugin.Examination.ViewModels.GetQuestionRandom_ViewModel.GetQuestionCommand_RunWorkerCompleted(Object arg1, RunWorkerCompletedEventArgs e) in E:\OS\test_pro\src_git_hub\OutSource_InTest\LanTest\TestPro-Client\Clients\Plugin.Examination\ViewModels\GetQuestionRandom_ViewModel.cs:line 2344
2024-09-02 22:45:15,040 ERROR [1] Plugin.Examination.ViewModels.GetQuestionRandom_ViewModel.GetQuestionCommand_RunWorkerCompleted - The given key was not present in the dictionary.
2024-09-02 22:45:15,040 ERROR [1] Plugin.Examination.ViewModels.GetQuestionRandom_ViewModel.GetQuestionCommand_RunWorkerCompleted -    at System.Collections.Generic.Dictionary`2.get_Item(TKey key)
   at Plugin.Examination.ViewModels.GetQuestionRandom_ViewModel.CheckCountQuestionByMatrix(Int32 thesisId, String str, Int32 lever, String type, List`1 quesedit, Int32 idGroupSelected) in E:\OS\test_pro\src_git_hub\OutSource_InTest\LanTest\TestPro-Client\Clients\Plugin.Examination\ViewModels\GetQuestionRandom_ViewModel.cs:line 805
   at Plugin.Examination.ViewModels.GetQuestionRandom_ViewModel.GetQuestionCommand_Method() in E:\OS\test_pro\src_git_hub\OutSource_InTest\LanTest\TestPro-Client\Clients\Plugin.Examination\ViewModels\GetQuestionRandom_ViewModel.cs:line 1841
   at Plugin.Examination.ViewModels.GetQuestionRandom_ViewModel.GetQuestionCommand_RunWorkerCompleted(Object arg1, RunWorkerCompletedEventArgs e) in E:\OS\test_pro\src_git_hub\OutSource_InTest\LanTest\TestPro-Client\Clients\Plugin.Examination\ViewModels\GetQuestionRandom_ViewModel.cs:line 2344
2024-09-02 22:46:55,678 ERROR [1] Plugin.Examination.ViewModels.GetQuestionRandom_ViewModel.GetQuestionCommand_RunWorkerCompleted - The given key was not present in the dictionary.
2024-09-02 22:46:55,678 ERROR [1] Plugin.Examination.ViewModels.GetQuestionRandom_ViewModel.GetQuestionCommand_RunWorkerCompleted -    at System.Collections.Generic.Dictionary`2.get_Item(TKey key)
   at Plugin.Examination.ViewModels.GetQuestionRandom_ViewModel.CheckCountQuestionByMatrix(Int32 thesisId, String str, Int32 lever, String type, List`1 quesedit, Int32 idGroupSelected) in E:\OS\test_pro\src_git_hub\OutSource_InTest\LanTest\TestPro-Client\Clients\Plugin.Examination\ViewModels\GetQuestionRandom_ViewModel.cs:line 805
   at Plugin.Examination.ViewModels.GetQuestionRandom_ViewModel.GetQuestionCommand_Method() in E:\OS\test_pro\src_git_hub\OutSource_InTest\LanTest\TestPro-Client\Clients\Plugin.Examination\ViewModels\GetQuestionRandom_ViewModel.cs:line 1841
   at Plugin.Examination.ViewModels.GetQuestionRandom_ViewModel.GetQuestionCommand_RunWorkerCompleted(Object arg1, RunWorkerCompletedEventArgs e) in E:\OS\test_pro\src_git_hub\OutSource_InTest\LanTest\TestPro-Client\Clients\Plugin.Examination\ViewModels\GetQuestionRandom_ViewModel.cs:line 2344
